<?xml version="1.0" encoding="UTF-8"?>
<coverage generated="1520656191345" clover="3.2.0">
  <project timestamp="1520656191345" name="All files">
    <metrics statements="186" coveredstatements="131" conditionals="147" coveredconditionals="89" methods="33" coveredmethods="20" elements="366" coveredelements="240" complexity="0" loc="186" ncloc="186" packages="2" files="11" classes="11">
      <package name="react-native-dropdownalert">
        <metrics statements="181" coveredstatements="126" conditionals="147" coveredconditionals="89" methods="33" coveredmethods="20"/>
        <file name="DropdownAlert.js" path="/Users/briansinnicke/Desktop/projects/Github/react-native-dropdownalert/DropdownAlert.js">
          <metrics statements="150" coveredstatements="95" conditionals="120" coveredconditionals="64" methods="30" coveredmethods="17"/>
          <line num="149" count="13" type="stmt"/>
          <line num="150" count="13" type="stmt"/>
          <line num="163" count="13" type="stmt"/>
          <line num="166" count="0" type="cond" truecount="0" falsecount="2"/>
          <line num="167" count="0" type="stmt"/>
          <line num="171" count="13" type="stmt"/>
          <line num="173" count="0" type="stmt"/>
          <line num="176" count="0" type="cond" truecount="0" falsecount="3"/>
          <line num="179" count="0" type="cond" truecount="0" falsecount="2"/>
          <line num="180" count="0" type="stmt"/>
          <line num="186" count="0" type="stmt"/>
          <line num="187" count="0" type="cond" truecount="0" falsecount="2"/>
          <line num="188" count="0" type="stmt"/>
          <line num="192" count="0" type="stmt"/>
          <line num="193" count="0" type="cond" truecount="0" falsecount="2"/>
          <line num="194" count="0" type="stmt"/>
          <line num="200" count="3" type="cond" truecount="2" falsecount="0"/>
          <line num="201" count="1" type="stmt"/>
          <line num="203" count="2" type="cond" truecount="2" falsecount="0"/>
          <line num="204" count="1" type="stmt"/>
          <line num="205" count="1" type="stmt"/>
          <line num="207" count="2" type="cond" truecount="2" falsecount="0"/>
          <line num="208" count="1" type="stmt"/>
          <line num="209" count="1" type="stmt"/>
          <line num="211" count="2" type="cond" truecount="2" falsecount="0"/>
          <line num="212" count="1" type="stmt"/>
          <line num="219" count="1" type="cond" truecount="1" falsecount="1"/>
          <line num="220" count="0" type="stmt"/>
          <line num="222" count="1" type="cond" truecount="1" falsecount="1"/>
          <line num="223" count="1" type="cond" truecount="1" falsecount="1"/>
          <line num="224" count="1" type="stmt"/>
          <line num="226" count="1" type="stmt"/>
          <line num="228" count="0" type="stmt"/>
          <line num="234" count="1" type="stmt"/>
          <line num="235" count="1" type="cond" truecount="1" falsecount="1"/>
          <line num="236" count="0" type="stmt"/>
          <line num="237" count="0" type="stmt"/>
          <line num="239" count="1" type="stmt"/>
          <line num="240" count="1" type="stmt"/>
          <line num="242" count="1" type="cond" truecount="1" falsecount="1"/>
          <line num="243" count="1" type="stmt"/>
          <line num="251" count="1" type="stmt"/>
          <line num="252" count="1" type="cond" truecount="1" falsecount="1"/>
          <line num="253" count="1" type="stmt"/>
          <line num="255" count="0" type="stmt"/>
          <line num="266" count="2" type="cond" truecount="2" falsecount="0"/>
          <line num="267" count="1" type="stmt"/>
          <line num="269" count="2" type="stmt"/>
          <line num="270" count="2" type="cond" truecount="2" falsecount="0"/>
          <line num="271" count="1" type="stmt"/>
          <line num="273" count="2" type="cond" truecount="2" falsecount="0"/>
          <line num="274" count="1" type="cond" truecount="1" falsecount="1"/>
          <line num="275" count="0" type="stmt"/>
          <line num="277" count="1" type="stmt"/>
          <line num="278" count="1" type="stmt"/>
          <line num="280" count="1" type="cond" truecount="1" falsecount="1"/>
          <line num="281" count="1" type="stmt"/>
          <line num="284" count="1" type="cond" truecount="1" falsecount="1"/>
          <line num="285" count="1" type="cond" truecount="1" falsecount="1"/>
          <line num="286" count="0" type="stmt"/>
          <line num="288" count="1" type="stmt"/>
          <line num="291" count="1" type="cond" truecount="1" falsecount="1"/>
          <line num="292" count="0" type="stmt"/>
          <line num="298" count="0" type="stmt"/>
          <line num="307" count="1" type="cond" truecount="1" falsecount="1"/>
          <line num="308" count="1" type="cond" truecount="1" falsecount="1"/>
          <line num="309" count="1" type="stmt"/>
          <line num="311" count="1" type="stmt"/>
          <line num="314" count="1" type="cond" truecount="1" falsecount="1"/>
          <line num="315" count="1" type="cond" truecount="1" falsecount="1"/>
          <line num="316" count="0" type="stmt"/>
          <line num="318" count="1" type="stmt"/>
          <line num="324" count="2" type="stmt"/>
          <line num="332" count="0" type="stmt"/>
          <line num="333" count="0" type="stmt"/>
          <line num="334" count="0" type="stmt"/>
          <line num="335" count="0" type="stmt"/>
          <line num="336" count="0" type="cond" truecount="0" falsecount="2"/>
          <line num="337" count="0" type="stmt"/>
          <line num="338" count="0" type="cond" truecount="0" falsecount="2"/>
          <line num="339" count="0" type="stmt"/>
          <line num="341" count="0" type="cond" truecount="0" falsecount="2"/>
          <line num="342" count="0" type="stmt"/>
          <line num="344" count="0" type="cond" truecount="0" falsecount="2"/>
          <line num="345" count="0" type="stmt"/>
          <line num="346" count="0" type="cond" truecount="0" falsecount="2"/>
          <line num="347" count="0" type="stmt"/>
          <line num="349" count="0" type="stmt"/>
          <line num="350" count="0" type="cond" truecount="0" falsecount="2"/>
          <line num="351" count="0" type="stmt"/>
          <line num="353" count="0" type="cond" truecount="0" falsecount="4"/>
          <line num="354" count="0" type="stmt"/>
          <line num="361" count="11" type="stmt"/>
          <line num="362" count="11" type="cond" truecount="5" falsecount="0"/>
          <line num="364" count="3" type="stmt"/>
          <line num="366" count="1" type="stmt"/>
          <line num="368" count="2" type="stmt"/>
          <line num="370" count="1" type="stmt"/>
          <line num="372" count="4" type="stmt"/>
          <line num="376" count="11" type="cond" truecount="5" falsecount="0"/>
          <line num="378" count="3" type="stmt"/>
          <line num="380" count="1" type="stmt"/>
          <line num="382" count="2" type="stmt"/>
          <line num="384" count="1" type="stmt"/>
          <line num="386" count="4" type="stmt"/>
          <line num="390" count="11" type="cond" truecount="5" falsecount="0"/>
          <line num="392" count="3" type="stmt"/>
          <line num="394" count="1" type="stmt"/>
          <line num="396" count="2" type="stmt"/>
          <line num="398" count="1" type="stmt"/>
          <line num="400" count="4" type="stmt"/>
          <line num="404" count="11" type="cond" truecount="1" falsecount="1"/>
          <line num="405" count="0" type="stmt"/>
          <line num="407" count="11" type="stmt"/>
          <line num="410" count="11" type="cond" truecount="2" falsecount="0"/>
          <line num="411" count="1" type="cond" truecount="1" falsecount="1"/>
          <line num="412" count="0" type="stmt"/>
          <line num="414" count="1" type="stmt"/>
          <line num="421" count="0" type="stmt"/>
          <line num="428" count="10" type="stmt"/>
          <line num="431" count="11" type="cond" truecount="1" falsecount="1"/>
          <line num="432" count="0" type="stmt"/>
          <line num="434" count="11" type="stmt"/>
          <line num="440" count="11" type="cond" truecount="1" falsecount="1"/>
          <line num="441" count="0" type="stmt"/>
          <line num="443" count="11" type="stmt"/>
          <line num="449" count="26" type="stmt"/>
          <line num="450" count="26" type="cond" truecount="2" falsecount="0"/>
          <line num="451" count="11" type="stmt"/>
          <line num="452" count="11" type="stmt"/>
          <line num="453" count="11" type="stmt"/>
          <line num="454" count="11" type="stmt"/>
          <line num="455" count="11" type="cond" truecount="1" falsecount="1"/>
          <line num="456" count="0" type="cond" truecount="0" falsecount="2"/>
          <line num="457" count="0" type="stmt"/>
          <line num="459" count="0" type="cond" truecount="0" falsecount="2"/>
          <line num="460" count="0" type="stmt"/>
          <line num="463" count="11" type="cond" truecount="1" falsecount="1"/>
          <line num="464" count="11" type="cond" truecount="1" falsecount="1"/>
          <line num="465" count="0" type="stmt"/>
          <line num="466" count="0" type="stmt"/>
          <line num="467" count="11" type="cond" truecount="1" falsecount="1"/>
          <line num="468" count="11" type="stmt"/>
          <line num="471" count="11" type="stmt"/>
          <line num="486" count="11" type="cond" truecount="2" falsecount="0"/>
          <line num="487" count="11" type="stmt"/>
          <line num="489" count="0" type="stmt"/>
          <line num="495" count="0" type="cond" truecount="1" falsecount="1"/>
          <line num="497" count="0" type="stmt"/>
          <line num="513" count="15" type="stmt"/>
        </file>
        <file name="constants.js" path="/Users/briansinnicke/Desktop/projects/Github/react-native-dropdownalert/constants.js">
          <metrics statements="9" coveredstatements="9" conditionals="4" coveredconditionals="2" methods="0" coveredmethods="0"/>
          <line num="3" count="3" type="cond" truecount="1" falsecount="1"/>
          <line num="4" count="3" type="cond" truecount="1" falsecount="1"/>
          <line num="5" count="3" type="stmt"/>
          <line num="6" count="3" type="stmt"/>
          <line num="7" count="3" type="stmt"/>
          <line num="8" count="3" type="stmt"/>
          <line num="9" count="3" type="stmt"/>
          <line num="10" count="3" type="stmt"/>
          <line num="12" count="3" type="stmt"/>
        </file>
        <file name="functions.js" path="/Users/briansinnicke/Desktop/projects/Github/react-native-dropdownalert/functions.js">
          <metrics statements="8" coveredstatements="8" conditionals="11" coveredconditionals="11" methods="1" coveredmethods="1"/>
          <line num="1" count="2" type="stmt"/>
          <line num="2" count="10" type="cond" truecount="4" falsecount="0"/>
          <line num="3" count="1" type="stmt"/>
          <line num="4" count="1" type="stmt"/>
          <line num="6" count="9" type="cond" truecount="7" falsecount="0"/>
          <line num="7" count="2" type="stmt"/>
          <line num="8" count="2" type="stmt"/>
          <line num="10" count="7" type="stmt"/>
        </file>
        <file name="imageview.js" path="/Users/briansinnicke/Desktop/projects/Github/react-native-dropdownalert/imageview.js">
          <metrics statements="9" coveredstatements="9" conditionals="8" coveredconditionals="8" methods="1" coveredmethods="1"/>
          <line num="23" count="5" type="stmt"/>
          <line num="24" count="5" type="cond" truecount="2" falsecount="0"/>
          <line num="25" count="4" type="stmt"/>
          <line num="26" count="4" type="cond" truecount="2" falsecount="0"/>
          <line num="27" count="1" type="stmt"/>
          <line num="29" count="4" type="cond" truecount="2" falsecount="0"/>
          <line num="30" count="1" type="stmt"/>
          <line num="32" count="4" type="cond" truecount="2" falsecount="0"/>
          <line num="34" count="1" type="stmt"/>
        </file>
        <file name="label.js" path="/Users/briansinnicke/Desktop/projects/Github/react-native-dropdownalert/label.js">
          <metrics statements="4" coveredstatements="4" conditionals="4" coveredconditionals="4" methods="1" coveredmethods="1"/>
          <line num="24" count="2" type="stmt"/>
          <line num="25" count="2" type="cond" truecount="4" falsecount="0"/>
          <line num="26" count="1" type="stmt"/>
          <line num="32" count="1" type="stmt"/>
        </file>
        <file name="setupTests.js" path="/Users/briansinnicke/Desktop/projects/Github/react-native-dropdownalert/setupTests.js">
          <metrics statements="1" coveredstatements="1" conditionals="0" coveredconditionals="0" methods="0" coveredmethods="0"/>
          <line num="3" count="5" type="stmt"/>
        </file>
      </package>
      <package name="react-native-dropdownalert.assets">
        <metrics statements="5" coveredstatements="5" conditionals="0" coveredconditionals="0" methods="0" coveredmethods="0"/>
        <file name="cancel.png" path="/Users/briansinnicke/Desktop/projects/Github/react-native-dropdownalert/assets/cancel.png">
          <metrics statements="1" coveredstatements="1" conditionals="0" coveredconditionals="0" methods="0" coveredmethods="0"/>
          <line num="1" count="1" type="stmt"/>
        </file>
        <file name="error.png" path="/Users/briansinnicke/Desktop/projects/Github/react-native-dropdownalert/assets/error.png">
          <metrics statements="1" coveredstatements="1" conditionals="0" coveredconditionals="0" methods="0" coveredmethods="0"/>
          <line num="1" count="2" type="stmt"/>
        </file>
        <file name="info.png" path="/Users/briansinnicke/Desktop/projects/Github/react-native-dropdownalert/assets/info.png">
          <metrics statements="1" coveredstatements="1" conditionals="0" coveredconditionals="0" methods="0" coveredmethods="0"/>
          <line num="1" count="1" type="stmt"/>
        </file>
        <file name="success.png" path="/Users/briansinnicke/Desktop/projects/Github/react-native-dropdownalert/assets/success.png">
          <metrics statements="1" coveredstatements="1" conditionals="0" coveredconditionals="0" methods="0" coveredmethods="0"/>
          <line num="1" count="1" type="stmt"/>
        </file>
        <file name="warn.png" path="/Users/briansinnicke/Desktop/projects/Github/react-native-dropdownalert/assets/warn.png">
          <metrics statements="1" coveredstatements="1" conditionals="0" coveredconditionals="0" methods="0" coveredmethods="0"/>
          <line num="1" count="1" type="stmt"/>
        </file>
      </package>
    </metrics>
  </project>
</coverage>
