{"/Users/briansinnicke/Desktop/projects/Github/react-native-dropdownalert/DropdownAlert.js": {"path":"/Users/briansinnicke/Desktop/projects/Github/react-native-dropdownalert/DropdownAlert.js","statementMap":{"0":{"start":{"line":139,"column":4},"end":{"line":139,"column":17}},"1":{"start":{"line":140,"column":4},"end":{"line":150,"column":6}},"2":{"start":{"line":153,"column":4},"end":{"line":153,"column":30}},"3":{"start":{"line":156,"column":4},"end":{"line":158,"column":5}},"4":{"start":{"line":157,"column":6},"end":{"line":157,"column":41}},"5":{"start":{"line":161,"column":4},"end":{"line":187,"column":7}},"6":{"start":{"line":163,"column":8},"end":{"line":163,"column":46}},"7":{"start":{"line":166,"column":8},"end":{"line":166,"column":155}},"8":{"start":{"line":169,"column":8},"end":{"line":173,"column":9}},"9":{"start":{"line":170,"column":10},"end":{"line":172,"column":13}},"10":{"start":{"line":176,"column":22},"end":{"line":176,"column":47}},"11":{"start":{"line":177,"column":8},"end":{"line":179,"column":9}},"12":{"start":{"line":178,"column":10},"end":{"line":178,"column":28}},"13":{"start":{"line":182,"column":22},"end":{"line":182,"column":47}},"14":{"start":{"line":183,"column":8},"end":{"line":185,"column":9}},"15":{"start":{"line":184,"column":10},"end":{"line":184,"column":28}},"16":{"start":{"line":190,"column":4},"end":{"line":192,"column":5}},"17":{"start":{"line":191,"column":6},"end":{"line":191,"column":13}},"18":{"start":{"line":193,"column":4},"end":{"line":196,"column":5}},"19":{"start":{"line":194,"column":6},"end":{"line":194,"column":31}},"20":{"start":{"line":195,"column":6},"end":{"line":195,"column":60}},"21":{"start":{"line":197,"column":4},"end":{"line":200,"column":5}},"22":{"start":{"line":198,"column":6},"end":{"line":198,"column":35}},"23":{"start":{"line":199,"column":6},"end":{"line":199,"column":62}},"24":{"start":{"line":201,"column":4},"end":{"line":253,"column":5}},"25":{"start":{"line":202,"column":6},"end":{"line":208,"column":9}},"26":{"start":{"line":209,"column":6},"end":{"line":211,"column":7}},"27":{"start":{"line":210,"column":8},"end":{"line":210,"column":24}},"28":{"start":{"line":212,"column":6},"end":{"line":222,"column":7}},"29":{"start":{"line":213,"column":8},"end":{"line":215,"column":9}},"30":{"start":{"line":214,"column":10},"end":{"line":214,"column":45}},"31":{"start":{"line":216,"column":8},"end":{"line":221,"column":10}},"32":{"start":{"line":218,"column":12},"end":{"line":218,"column":36}},"33":{"start":{"line":224,"column":32},"end":{"line":224,"column":33}},"34":{"start":{"line":225,"column":6},"end":{"line":228,"column":7}},"35":{"start":{"line":226,"column":8},"end":{"line":226,"column":34}},"36":{"start":{"line":227,"column":8},"end":{"line":227,"column":21}},"37":{"start":{"line":229,"column":17},"end":{"line":229,"column":21}},"38":{"start":{"line":230,"column":6},"end":{"line":252,"column":8}},"39":{"start":{"line":232,"column":10},"end":{"line":240,"column":11}},"40":{"start":{"line":233,"column":12},"end":{"line":239,"column":15}},"41":{"start":{"line":241,"column":10},"end":{"line":241,"column":26}},"42":{"start":{"line":242,"column":10},"end":{"line":249,"column":11}},"43":{"start":{"line":243,"column":12},"end":{"line":248,"column":14}},"44":{"start":{"line":245,"column":16},"end":{"line":245,"column":40}},"45":{"start":{"line":256,"column":4},"end":{"line":258,"column":5}},"46":{"start":{"line":257,"column":6},"end":{"line":257,"column":30}},"47":{"start":{"line":259,"column":18},"end":{"line":259,"column":36}},"48":{"start":{"line":260,"column":4},"end":{"line":262,"column":5}},"49":{"start":{"line":261,"column":6},"end":{"line":261,"column":36}},"50":{"start":{"line":263,"column":4},"end":{"line":294,"column":5}},"51":{"start":{"line":264,"column":6},"end":{"line":266,"column":7}},"52":{"start":{"line":265,"column":8},"end":{"line":265,"column":43}},"53":{"start":{"line":267,"column":6},"end":{"line":267,"column":22}},"54":{"start":{"line":268,"column":6},"end":{"line":293,"column":8}},"55":{"start":{"line":270,"column":10},"end":{"line":290,"column":11}},"56":{"start":{"line":271,"column":12},"end":{"line":273,"column":15}},"57":{"start":{"line":274,"column":12},"end":{"line":280,"column":13}},"58":{"start":{"line":275,"column":14},"end":{"line":279,"column":15}},"59":{"start":{"line":276,"column":16},"end":{"line":276,"column":96}},"60":{"start":{"line":278,"column":16},"end":{"line":278,"column":79}},"61":{"start":{"line":281,"column":12},"end":{"line":289,"column":13}},"62":{"start":{"line":282,"column":25},"end":{"line":287,"column":15}},"63":{"start":{"line":288,"column":14},"end":{"line":288,"column":28}},"64":{"start":{"line":297,"column":4},"end":{"line":311,"column":5}},"65":{"start":{"line":298,"column":6},"end":{"line":300,"column":7}},"66":{"start":{"line":299,"column":8},"end":{"line":299,"column":43}},"67":{"start":{"line":301,"column":6},"end":{"line":303,"column":9}},"68":{"start":{"line":304,"column":6},"end":{"line":310,"column":7}},"69":{"start":{"line":305,"column":8},"end":{"line":309,"column":9}},"70":{"start":{"line":306,"column":10},"end":{"line":306,"column":90}},"71":{"start":{"line":308,"column":10},"end":{"line":308,"column":73}},"72":{"start":{"line":314,"column":4},"end":{"line":319,"column":15}},"73":{"start":{"line":322,"column":36},"end":{"line":322,"column":60}},"74":{"start":{"line":323,"column":27},"end":{"line":323,"column":48}},"75":{"start":{"line":324,"column":25},"end":{"line":324,"column":44}},"76":{"start":{"line":325,"column":37},"end":{"line":325,"column":47}},"77":{"start":{"line":326,"column":4},"end":{"line":333,"column":5}},"78":{"start":{"line":327,"column":20},"end":{"line":327,"column":30}},"79":{"start":{"line":328,"column":6},"end":{"line":330,"column":7}},"80":{"start":{"line":329,"column":8},"end":{"line":329,"column":33}},"81":{"start":{"line":331,"column":11},"end":{"line":333,"column":5}},"82":{"start":{"line":332,"column":6},"end":{"line":332,"column":48}},"83":{"start":{"line":334,"column":4},"end":{"line":338,"column":5}},"84":{"start":{"line":335,"column":6},"end":{"line":335,"column":25}},"85":{"start":{"line":336,"column":11},"end":{"line":338,"column":5}},"86":{"start":{"line":337,"column":6},"end":{"line":337,"column":46}},"87":{"start":{"line":339,"column":24},"end":{"line":339,"column":57}},"88":{"start":{"line":340,"column":4},"end":{"line":342,"column":5}},"89":{"start":{"line":341,"column":6},"end":{"line":341,"column":46}},"90":{"start":{"line":343,"column":4},"end":{"line":348,"column":5}},"91":{"start":{"line":344,"column":6},"end":{"line":347,"column":9}},"92":{"start":{"line":351,"column":33},"end":{"line":351,"column":43}},"93":{"start":{"line":352,"column":4},"end":{"line":363,"column":5}},"94":{"start":{"line":354,"column":8},"end":{"line":354,"column":97}},"95":{"start":{"line":356,"column":8},"end":{"line":356,"column":97}},"96":{"start":{"line":358,"column":8},"end":{"line":358,"column":98}},"97":{"start":{"line":360,"column":8},"end":{"line":360,"column":100}},"98":{"start":{"line":362,"column":8},"end":{"line":362,"column":101}},"99":{"start":{"line":366,"column":4},"end":{"line":377,"column":5}},"100":{"start":{"line":368,"column":8},"end":{"line":368,"column":44}},"101":{"start":{"line":370,"column":8},"end":{"line":370,"column":44}},"102":{"start":{"line":372,"column":8},"end":{"line":372,"column":45}},"103":{"start":{"line":374,"column":8},"end":{"line":374,"column":47}},"104":{"start":{"line":376,"column":8},"end":{"line":376,"column":35}},"105":{"start":{"line":380,"column":4},"end":{"line":391,"column":5}},"106":{"start":{"line":382,"column":8},"end":{"line":382,"column":36}},"107":{"start":{"line":384,"column":8},"end":{"line":384,"column":36}},"108":{"start":{"line":386,"column":8},"end":{"line":386,"column":37}},"109":{"start":{"line":388,"column":8},"end":{"line":388,"column":39}},"110":{"start":{"line":390,"column":8},"end":{"line":390,"column":57}},"111":{"start":{"line":394,"column":4},"end":{"line":396,"column":5}},"112":{"start":{"line":395,"column":6},"end":{"line":395,"column":48}},"113":{"start":{"line":397,"column":4},"end":{"line":397,"column":91}},"114":{"start":{"line":400,"column":4},"end":{"line":417,"column":5}},"115":{"start":{"line":401,"column":6},"end":{"line":416,"column":7}},"116":{"start":{"line":402,"column":8},"end":{"line":402,"column":51}},"117":{"start":{"line":404,"column":8},"end":{"line":415,"column":10}},"118":{"start":{"line":411,"column":27},"end":{"line":411,"column":47}},"119":{"start":{"line":418,"column":4},"end":{"line":418,"column":16}},"120":{"start":{"line":421,"column":4},"end":{"line":427,"column":5}},"121":{"start":{"line":422,"column":6},"end":{"line":422,"column":48}},"122":{"start":{"line":424,"column":6},"end":{"line":426,"column":8}},"123":{"start":{"line":430,"column":4},"end":{"line":436,"column":5}},"124":{"start":{"line":431,"column":6},"end":{"line":431,"column":50}},"125":{"start":{"line":433,"column":6},"end":{"line":435,"column":8}},"126":{"start":{"line":439,"column":29},"end":{"line":439,"column":39}},"127":{"start":{"line":440,"column":4},"end":{"line":502,"column":5}},"128":{"start":{"line":441,"column":18},"end":{"line":441,"column":44}},"129":{"start":{"line":442,"column":21},"end":{"line":442,"column":48}},"130":{"start":{"line":443,"column":30},"end":{"line":443,"column":66}},"131":{"start":{"line":444,"column":130},"end":{"line":444,"column":140}},"132":{"start":{"line":445,"column":6},"end":{"line":452,"column":7}},"133":{"start":{"line":446,"column":8},"end":{"line":448,"column":9}},"134":{"start":{"line":447,"column":10},"end":{"line":447,"column":67}},"135":{"start":{"line":449,"column":8},"end":{"line":451,"column":9}},"136":{"start":{"line":450,"column":10},"end":{"line":450,"column":59}},"137":{"start":{"line":453,"column":6},"end":{"line":460,"column":7}},"138":{"start":{"line":454,"column":8},"end":{"line":459,"column":9}},"139":{"start":{"line":455,"column":10},"end":{"line":455,"column":77}},"140":{"start":{"line":456,"column":10},"end":{"line":456,"column":48}},"141":{"start":{"line":457,"column":15},"end":{"line":459,"column":9}},"142":{"start":{"line":458,"column":10},"end":{"line":458,"column":60}},"143":{"start":{"line":461,"column":25},"end":{"line":475,"column":7}},"144":{"start":{"line":476,"column":6},"end":{"line":476,"column":80}},"145":{"start":{"line":476,"column":37},"end":{"line":476,"column":80}},"146":{"start":{"line":477,"column":6},"end":{"line":501,"column":8}},"147":{"start":{"line":479,"column":22},"end":{"line":479,"column":41}},"148":{"start":{"line":485,"column":66},"end":{"line":485,"column":83}},"149":{"start":{"line":487,"column":31},"end":{"line":487,"column":56}},"150":{"start":{"line":503,"column":4},"end":{"line":503,"column":16}}},"fnMap":{"0":{"name":"(anonymous_0)","decl":{"start":{"line":138,"column":2},"end":{"line":138,"column":3}},"loc":{"start":{"line":138,"column":21},"end":{"line":151,"column":3}},"line":138},"1":{"name":"(anonymous_1)","decl":{"start":{"line":152,"column":2},"end":{"line":152,"column":3}},"loc":{"start":{"line":152,"column":23},"end":{"line":154,"column":3}},"line":152},"2":{"name":"(anonymous_2)","decl":{"start":{"line":155,"column":2},"end":{"line":155,"column":3}},"loc":{"start":{"line":155,"column":25},"end":{"line":159,"column":3}},"line":155},"3":{"name":"(anonymous_3)","decl":{"start":{"line":160,"column":23},"end":{"line":160,"column":24}},"loc":{"start":{"line":160,"column":29},"end":{"line":188,"column":3}},"line":160},"4":{"name":"(anonymous_4)","decl":{"start":{"line":162,"column":36},"end":{"line":162,"column":37}},"loc":{"start":{"line":162,"column":59},"end":{"line":164,"column":7}},"line":162},"5":{"name":"(anonymous_5)","decl":{"start":{"line":165,"column":35},"end":{"line":165,"column":36}},"loc":{"start":{"line":165,"column":58},"end":{"line":167,"column":7}},"line":165},"6":{"name":"(anonymous_6)","decl":{"start":{"line":168,"column":26},"end":{"line":168,"column":27}},"loc":{"start":{"line":168,"column":49},"end":{"line":174,"column":7}},"line":168},"7":{"name":"(anonymous_7)","decl":{"start":{"line":175,"column":29},"end":{"line":175,"column":30}},"loc":{"start":{"line":175,"column":52},"end":{"line":180,"column":7}},"line":175},"8":{"name":"(anonymous_8)","decl":{"start":{"line":181,"column":31},"end":{"line":181,"column":32}},"loc":{"start":{"line":181,"column":54},"end":{"line":186,"column":7}},"line":181},"9":{"name":"(anonymous_9)","decl":{"start":{"line":189,"column":18},"end":{"line":189,"column":19}},"loc":{"start":{"line":189,"column":44},"end":{"line":254,"column":3}},"line":189},"10":{"name":"(anonymous_10)","decl":{"start":{"line":217,"column":10},"end":{"line":217,"column":11}},"loc":{"start":{"line":217,"column":21},"end":{"line":219,"column":11}},"line":217},"11":{"name":"(anonymous_11)","decl":{"start":{"line":231,"column":8},"end":{"line":231,"column":9}},"loc":{"start":{"line":231,"column":19},"end":{"line":250,"column":9}},"line":231},"12":{"name":"(anonymous_12)","decl":{"start":{"line":244,"column":14},"end":{"line":244,"column":15}},"loc":{"start":{"line":244,"column":25},"end":{"line":246,"column":15}},"line":244},"13":{"name":"(anonymous_13)","decl":{"start":{"line":255,"column":10},"end":{"line":255,"column":11}},"loc":{"start":{"line":255,"column":20},"end":{"line":295,"column":3}},"line":255},"14":{"name":"(anonymous_14)","decl":{"start":{"line":269,"column":8},"end":{"line":269,"column":9}},"loc":{"start":{"line":269,"column":19},"end":{"line":291,"column":9}},"line":269},"15":{"name":"(anonymous_15)","decl":{"start":{"line":296,"column":2},"end":{"line":296,"column":3}},"loc":{"start":{"line":296,"column":18},"end":{"line":312,"column":3}},"line":296},"16":{"name":"(anonymous_16)","decl":{"start":{"line":313,"column":12},"end":{"line":313,"column":13}},"loc":{"start":{"line":313,"column":23},"end":{"line":320,"column":3}},"line":313},"17":{"name":"(anonymous_17)","decl":{"start":{"line":321,"column":2},"end":{"line":321,"column":3}},"loc":{"start":{"line":321,"column":23},"end":{"line":349,"column":3}},"line":321},"18":{"name":"(anonymous_18)","decl":{"start":{"line":350,"column":2},"end":{"line":350,"column":3}},"loc":{"start":{"line":350,"column":24},"end":{"line":364,"column":3}},"line":350},"19":{"name":"(anonymous_19)","decl":{"start":{"line":365,"column":2},"end":{"line":365,"column":3}},"loc":{"start":{"line":365,"column":25},"end":{"line":378,"column":3}},"line":365},"20":{"name":"(anonymous_20)","decl":{"start":{"line":379,"column":2},"end":{"line":379,"column":3}},"loc":{"start":{"line":379,"column":34},"end":{"line":392,"column":3}},"line":379},"21":{"name":"(anonymous_21)","decl":{"start":{"line":393,"column":2},"end":{"line":393,"column":3}},"loc":{"start":{"line":393,"column":22},"end":{"line":398,"column":3}},"line":393},"22":{"name":"(anonymous_22)","decl":{"start":{"line":399,"column":2},"end":{"line":399,"column":3}},"loc":{"start":{"line":399,"column":21},"end":{"line":419,"column":3}},"line":399},"23":{"name":"(anonymous_23)","decl":{"start":{"line":411,"column":21},"end":{"line":411,"column":22}},"loc":{"start":{"line":411,"column":27},"end":{"line":411,"column":47}},"line":411},"24":{"name":"(anonymous_24)","decl":{"start":{"line":420,"column":2},"end":{"line":420,"column":3}},"loc":{"start":{"line":420,"column":16},"end":{"line":428,"column":3}},"line":420},"25":{"name":"(anonymous_25)","decl":{"start":{"line":429,"column":2},"end":{"line":429,"column":3}},"loc":{"start":{"line":429,"column":18},"end":{"line":437,"column":3}},"line":429},"26":{"name":"(anonymous_26)","decl":{"start":{"line":438,"column":2},"end":{"line":438,"column":3}},"loc":{"start":{"line":438,"column":11},"end":{"line":504,"column":3}},"line":438},"27":{"name":"(anonymous_27)","decl":{"start":{"line":479,"column":15},"end":{"line":479,"column":16}},"loc":{"start":{"line":479,"column":22},"end":{"line":479,"column":41}},"line":479},"28":{"name":"(anonymous_28)","decl":{"start":{"line":485,"column":60},"end":{"line":485,"column":61}},"loc":{"start":{"line":485,"column":66},"end":{"line":485,"column":83}},"line":485},"29":{"name":"(anonymous_29)","decl":{"start":{"line":487,"column":22},"end":{"line":487,"column":23}},"loc":{"start":{"line":487,"column":31},"end":{"line":487,"column":56}},"line":487}},"branchMap":{"0":{"loc":{"start":{"line":117,"column":18},"end":{"line":117,"column":37}},"type":"cond-expr","locations":[{"start":{"line":117,"column":31},"end":{"line":117,"column":32}},{"start":{"line":117,"column":35},"end":{"line":117,"column":37}}],"line":117},"1":{"loc":{"start":{"line":156,"column":4},"end":{"line":158,"column":5}},"type":"if","locations":[{"start":{"line":156,"column":4},"end":{"line":158,"column":5}},{"start":{"line":156,"column":4},"end":{"line":158,"column":5}}],"line":156},"2":{"loc":{"start":{"line":166,"column":15},"end":{"line":166,"column":154}},"type":"binary-expr","locations":[{"start":{"line":166,"column":15},"end":{"line":166,"column":65}},{"start":{"line":166,"column":69},"end":{"line":166,"column":120}},{"start":{"line":166,"column":124},"end":{"line":166,"column":154}}],"line":166},"3":{"loc":{"start":{"line":169,"column":8},"end":{"line":173,"column":9}},"type":"if","locations":[{"start":{"line":169,"column":8},"end":{"line":173,"column":9}},{"start":{"line":169,"column":8},"end":{"line":173,"column":9}}],"line":169},"4":{"loc":{"start":{"line":177,"column":8},"end":{"line":179,"column":9}},"type":"if","locations":[{"start":{"line":177,"column":8},"end":{"line":179,"column":9}},{"start":{"line":177,"column":8},"end":{"line":179,"column":9}}],"line":177},"5":{"loc":{"start":{"line":183,"column":8},"end":{"line":185,"column":9}},"type":"if","locations":[{"start":{"line":183,"column":8},"end":{"line":185,"column":9}},{"start":{"line":183,"column":8},"end":{"line":185,"column":9}}],"line":183},"6":{"loc":{"start":{"line":190,"column":4},"end":{"line":192,"column":5}},"type":"if","locations":[{"start":{"line":190,"column":4},"end":{"line":192,"column":5}},{"start":{"line":190,"column":4},"end":{"line":192,"column":5}}],"line":190},"7":{"loc":{"start":{"line":193,"column":4},"end":{"line":196,"column":5}},"type":"if","locations":[{"start":{"line":193,"column":4},"end":{"line":196,"column":5}},{"start":{"line":193,"column":4},"end":{"line":196,"column":5}}],"line":193},"8":{"loc":{"start":{"line":197,"column":4},"end":{"line":200,"column":5}},"type":"if","locations":[{"start":{"line":197,"column":4},"end":{"line":200,"column":5}},{"start":{"line":197,"column":4},"end":{"line":200,"column":5}}],"line":197},"9":{"loc":{"start":{"line":201,"column":4},"end":{"line":253,"column":5}},"type":"if","locations":[{"start":{"line":201,"column":4},"end":{"line":253,"column":5}},{"start":{"line":201,"column":4},"end":{"line":253,"column":5}}],"line":201},"10":{"loc":{"start":{"line":209,"column":6},"end":{"line":211,"column":7}},"type":"if","locations":[{"start":{"line":209,"column":6},"end":{"line":211,"column":7}},{"start":{"line":209,"column":6},"end":{"line":211,"column":7}}],"line":209},"11":{"loc":{"start":{"line":212,"column":6},"end":{"line":222,"column":7}},"type":"if","locations":[{"start":{"line":212,"column":6},"end":{"line":222,"column":7}},{"start":{"line":212,"column":6},"end":{"line":222,"column":7}}],"line":212},"12":{"loc":{"start":{"line":213,"column":8},"end":{"line":215,"column":9}},"type":"if","locations":[{"start":{"line":213,"column":8},"end":{"line":215,"column":9}},{"start":{"line":213,"column":8},"end":{"line":215,"column":9}}],"line":213},"13":{"loc":{"start":{"line":225,"column":6},"end":{"line":228,"column":7}},"type":"if","locations":[{"start":{"line":225,"column":6},"end":{"line":228,"column":7}},{"start":{"line":225,"column":6},"end":{"line":228,"column":7}}],"line":225},"14":{"loc":{"start":{"line":232,"column":10},"end":{"line":240,"column":11}},"type":"if","locations":[{"start":{"line":232,"column":10},"end":{"line":240,"column":11}},{"start":{"line":232,"column":10},"end":{"line":240,"column":11}}],"line":232},"15":{"loc":{"start":{"line":242,"column":10},"end":{"line":249,"column":11}},"type":"if","locations":[{"start":{"line":242,"column":10},"end":{"line":249,"column":11}},{"start":{"line":242,"column":10},"end":{"line":249,"column":11}}],"line":242},"16":{"loc":{"start":{"line":256,"column":4},"end":{"line":258,"column":5}},"type":"if","locations":[{"start":{"line":256,"column":4},"end":{"line":258,"column":5}},{"start":{"line":256,"column":4},"end":{"line":258,"column":5}}],"line":256},"17":{"loc":{"start":{"line":260,"column":4},"end":{"line":262,"column":5}},"type":"if","locations":[{"start":{"line":260,"column":4},"end":{"line":262,"column":5}},{"start":{"line":260,"column":4},"end":{"line":262,"column":5}}],"line":260},"18":{"loc":{"start":{"line":263,"column":4},"end":{"line":294,"column":5}},"type":"if","locations":[{"start":{"line":263,"column":4},"end":{"line":294,"column":5}},{"start":{"line":263,"column":4},"end":{"line":294,"column":5}}],"line":263},"19":{"loc":{"start":{"line":264,"column":6},"end":{"line":266,"column":7}},"type":"if","locations":[{"start":{"line":264,"column":6},"end":{"line":266,"column":7}},{"start":{"line":264,"column":6},"end":{"line":266,"column":7}}],"line":264},"20":{"loc":{"start":{"line":270,"column":10},"end":{"line":290,"column":11}},"type":"if","locations":[{"start":{"line":270,"column":10},"end":{"line":290,"column":11}},{"start":{"line":270,"column":10},"end":{"line":290,"column":11}}],"line":270},"21":{"loc":{"start":{"line":274,"column":12},"end":{"line":280,"column":13}},"type":"if","locations":[{"start":{"line":274,"column":12},"end":{"line":280,"column":13}},{"start":{"line":274,"column":12},"end":{"line":280,"column":13}}],"line":274},"22":{"loc":{"start":{"line":275,"column":14},"end":{"line":279,"column":15}},"type":"if","locations":[{"start":{"line":275,"column":14},"end":{"line":279,"column":15}},{"start":{"line":275,"column":14},"end":{"line":279,"column":15}}],"line":275},"23":{"loc":{"start":{"line":281,"column":12},"end":{"line":289,"column":13}},"type":"if","locations":[{"start":{"line":281,"column":12},"end":{"line":289,"column":13}},{"start":{"line":281,"column":12},"end":{"line":289,"column":13}}],"line":281},"24":{"loc":{"start":{"line":297,"column":4},"end":{"line":311,"column":5}},"type":"if","locations":[{"start":{"line":297,"column":4},"end":{"line":311,"column":5}},{"start":{"line":297,"column":4},"end":{"line":311,"column":5}}],"line":297},"25":{"loc":{"start":{"line":298,"column":6},"end":{"line":300,"column":7}},"type":"if","locations":[{"start":{"line":298,"column":6},"end":{"line":300,"column":7}},{"start":{"line":298,"column":6},"end":{"line":300,"column":7}}],"line":298},"26":{"loc":{"start":{"line":304,"column":6},"end":{"line":310,"column":7}},"type":"if","locations":[{"start":{"line":304,"column":6},"end":{"line":310,"column":7}},{"start":{"line":304,"column":6},"end":{"line":310,"column":7}}],"line":304},"27":{"loc":{"start":{"line":305,"column":8},"end":{"line":309,"column":9}},"type":"if","locations":[{"start":{"line":305,"column":8},"end":{"line":309,"column":9}},{"start":{"line":305,"column":8},"end":{"line":309,"column":9}}],"line":305},"28":{"loc":{"start":{"line":326,"column":4},"end":{"line":333,"column":5}},"type":"if","locations":[{"start":{"line":326,"column":4},"end":{"line":333,"column":5}},{"start":{"line":326,"column":4},"end":{"line":333,"column":5}}],"line":326},"29":{"loc":{"start":{"line":328,"column":6},"end":{"line":330,"column":7}},"type":"if","locations":[{"start":{"line":328,"column":6},"end":{"line":330,"column":7}},{"start":{"line":328,"column":6},"end":{"line":330,"column":7}}],"line":328},"30":{"loc":{"start":{"line":331,"column":11},"end":{"line":333,"column":5}},"type":"if","locations":[{"start":{"line":331,"column":11},"end":{"line":333,"column":5}},{"start":{"line":331,"column":11},"end":{"line":333,"column":5}}],"line":331},"31":{"loc":{"start":{"line":334,"column":4},"end":{"line":338,"column":5}},"type":"if","locations":[{"start":{"line":334,"column":4},"end":{"line":338,"column":5}},{"start":{"line":334,"column":4},"end":{"line":338,"column":5}}],"line":334},"32":{"loc":{"start":{"line":336,"column":11},"end":{"line":338,"column":5}},"type":"if","locations":[{"start":{"line":336,"column":11},"end":{"line":338,"column":5}},{"start":{"line":336,"column":11},"end":{"line":338,"column":5}}],"line":336},"33":{"loc":{"start":{"line":340,"column":4},"end":{"line":342,"column":5}},"type":"if","locations":[{"start":{"line":340,"column":4},"end":{"line":342,"column":5}},{"start":{"line":340,"column":4},"end":{"line":342,"column":5}}],"line":340},"34":{"loc":{"start":{"line":343,"column":4},"end":{"line":348,"column":5}},"type":"if","locations":[{"start":{"line":343,"column":4},"end":{"line":348,"column":5}},{"start":{"line":343,"column":4},"end":{"line":348,"column":5}}],"line":343},"35":{"loc":{"start":{"line":343,"column":8},"end":{"line":343,"column":90}},"type":"binary-expr","locations":[{"start":{"line":343,"column":8},"end":{"line":343,"column":49}},{"start":{"line":343,"column":53},"end":{"line":343,"column":90}}],"line":343},"36":{"loc":{"start":{"line":352,"column":4},"end":{"line":363,"column":5}},"type":"switch","locations":[{"start":{"line":353,"column":6},"end":{"line":354,"column":97}},{"start":{"line":355,"column":6},"end":{"line":356,"column":97}},{"start":{"line":357,"column":6},"end":{"line":358,"column":98}},{"start":{"line":359,"column":6},"end":{"line":360,"column":100}},{"start":{"line":361,"column":6},"end":{"line":362,"column":101}}],"line":352},"37":{"loc":{"start":{"line":366,"column":4},"end":{"line":377,"column":5}},"type":"switch","locations":[{"start":{"line":367,"column":6},"end":{"line":368,"column":44}},{"start":{"line":369,"column":6},"end":{"line":370,"column":44}},{"start":{"line":371,"column":6},"end":{"line":372,"column":45}},{"start":{"line":373,"column":6},"end":{"line":374,"column":47}},{"start":{"line":375,"column":6},"end":{"line":376,"column":35}}],"line":366},"38":{"loc":{"start":{"line":380,"column":4},"end":{"line":391,"column":5}},"type":"switch","locations":[{"start":{"line":381,"column":6},"end":{"line":382,"column":36}},{"start":{"line":383,"column":6},"end":{"line":384,"column":36}},{"start":{"line":385,"column":6},"end":{"line":386,"column":37}},{"start":{"line":387,"column":6},"end":{"line":388,"column":39}},{"start":{"line":389,"column":6},"end":{"line":390,"column":57}}],"line":380},"39":{"loc":{"start":{"line":394,"column":4},"end":{"line":396,"column":5}},"type":"if","locations":[{"start":{"line":394,"column":4},"end":{"line":396,"column":5}},{"start":{"line":394,"column":4},"end":{"line":396,"column":5}}],"line":394},"40":{"loc":{"start":{"line":400,"column":4},"end":{"line":417,"column":5}},"type":"if","locations":[{"start":{"line":400,"column":4},"end":{"line":417,"column":5}},{"start":{"line":400,"column":4},"end":{"line":417,"column":5}}],"line":400},"41":{"loc":{"start":{"line":401,"column":6},"end":{"line":416,"column":7}},"type":"if","locations":[{"start":{"line":401,"column":6},"end":{"line":416,"column":7}},{"start":{"line":401,"column":6},"end":{"line":416,"column":7}}],"line":401},"42":{"loc":{"start":{"line":421,"column":4},"end":{"line":427,"column":5}},"type":"if","locations":[{"start":{"line":421,"column":4},"end":{"line":427,"column":5}},{"start":{"line":421,"column":4},"end":{"line":427,"column":5}}],"line":421},"43":{"loc":{"start":{"line":430,"column":4},"end":{"line":436,"column":5}},"type":"if","locations":[{"start":{"line":430,"column":4},"end":{"line":436,"column":5}},{"start":{"line":430,"column":4},"end":{"line":436,"column":5}}],"line":430},"44":{"loc":{"start":{"line":440,"column":4},"end":{"line":502,"column":5}},"type":"if","locations":[{"start":{"line":440,"column":4},"end":{"line":502,"column":5}},{"start":{"line":440,"column":4},"end":{"line":502,"column":5}}],"line":440},"45":{"loc":{"start":{"line":445,"column":6},"end":{"line":452,"column":7}},"type":"if","locations":[{"start":{"line":445,"column":6},"end":{"line":452,"column":7}},{"start":{"line":445,"column":6},"end":{"line":452,"column":7}}],"line":445},"46":{"loc":{"start":{"line":446,"column":8},"end":{"line":448,"column":9}},"type":"if","locations":[{"start":{"line":446,"column":8},"end":{"line":448,"column":9}},{"start":{"line":446,"column":8},"end":{"line":448,"column":9}}],"line":446},"47":{"loc":{"start":{"line":449,"column":8},"end":{"line":451,"column":9}},"type":"if","locations":[{"start":{"line":449,"column":8},"end":{"line":451,"column":9}},{"start":{"line":449,"column":8},"end":{"line":451,"column":9}}],"line":449},"48":{"loc":{"start":{"line":453,"column":6},"end":{"line":460,"column":7}},"type":"if","locations":[{"start":{"line":453,"column":6},"end":{"line":460,"column":7}},{"start":{"line":453,"column":6},"end":{"line":460,"column":7}}],"line":453},"49":{"loc":{"start":{"line":454,"column":8},"end":{"line":459,"column":9}},"type":"if","locations":[{"start":{"line":454,"column":8},"end":{"line":459,"column":9}},{"start":{"line":454,"column":8},"end":{"line":459,"column":9}}],"line":454},"50":{"loc":{"start":{"line":457,"column":15},"end":{"line":459,"column":9}},"type":"if","locations":[{"start":{"line":457,"column":15},"end":{"line":459,"column":9}},{"start":{"line":457,"column":15},"end":{"line":459,"column":9}}],"line":457},"51":{"loc":{"start":{"line":476,"column":6},"end":{"line":476,"column":80}},"type":"if","locations":[{"start":{"line":476,"column":6},"end":{"line":476,"column":80}},{"start":{"line":476,"column":6},"end":{"line":476,"column":80}}],"line":476},"52":{"loc":{"start":{"line":484,"column":27},"end":{"line":484,"column":81}},"type":"cond-expr","locations":[{"start":{"line":484,"column":73},"end":{"line":484,"column":74}},{"start":{"line":484,"column":77},"end":{"line":484,"column":81}}],"line":484},"53":{"loc":{"start":{"line":484,"column":27},"end":{"line":484,"column":70}},"type":"binary-expr","locations":[{"start":{"line":484,"column":27},"end":{"line":484,"column":56}},{"start":{"line":484,"column":60},"end":{"line":484,"column":70}}],"line":484},"54":{"loc":{"start":{"line":485,"column":21},"end":{"line":485,"column":83}},"type":"cond-expr","locations":[{"start":{"line":485,"column":53},"end":{"line":485,"column":57}},{"start":{"line":485,"column":60},"end":{"line":485,"column":83}}],"line":485}},"s":{"0":7,"1":7,"2":7,"3":0,"4":0,"5":7,"6":0,"7":0,"8":0,"9":0,"10":0,"11":0,"12":0,"13":0,"14":0,"15":0,"16":0,"17":0,"18":0,"19":0,"20":0,"21":0,"22":0,"23":0,"24":0,"25":0,"26":0,"27":0,"28":0,"29":0,"30":0,"31":0,"32":0,"33":0,"34":0,"35":0,"36":0,"37":0,"38":0,"39":0,"40":0,"41":0,"42":0,"43":0,"44":0,"45":0,"46":0,"47":0,"48":0,"49":0,"50":0,"51":0,"52":0,"53":0,"54":0,"55":0,"56":0,"57":0,"58":0,"59":0,"60":0,"61":0,"62":0,"63":0,"64":0,"65":0,"66":0,"67":0,"68":0,"69":0,"70":0,"71":0,"72":0,"73":0,"74":0,"75":0,"76":0,"77":0,"78":0,"79":0,"80":0,"81":0,"82":0,"83":0,"84":0,"85":0,"86":0,"87":0,"88":0,"89":0,"90":0,"91":0,"92":7,"93":7,"94":2,"95":1,"96":1,"97":1,"98":2,"99":7,"100":2,"101":1,"102":1,"103":1,"104":2,"105":7,"106":2,"107":1,"108":1,"109":1,"110":2,"111":7,"112":0,"113":7,"114":7,"115":1,"116":0,"117":1,"118":0,"119":6,"120":7,"121":0,"122":7,"123":7,"124":0,"125":7,"126":14,"127":14,"128":7,"129":7,"130":7,"131":7,"132":7,"133":0,"134":0,"135":0,"136":0,"137":7,"138":7,"139":0,"140":0,"141":7,"142":7,"143":7,"144":7,"145":1,"146":7,"147":7,"148":0,"149":0,"150":7},"f":{"0":7,"1":7,"2":0,"3":7,"4":0,"5":0,"6":0,"7":0,"8":0,"9":0,"10":0,"11":0,"12":0,"13":0,"14":0,"15":0,"16":0,"17":0,"18":7,"19":7,"20":7,"21":7,"22":7,"23":0,"24":7,"25":7,"26":14,"27":7,"28":0,"29":0},"b":{"0":[0,1],"1":[0,0],"2":[0,0,0],"3":[0,0],"4":[0,0],"5":[0,0],"6":[0,0],"7":[0,0],"8":[0,0],"9":[0,0],"10":[0,0],"11":[0,0],"12":[0,0],"13":[0,0],"14":[0,0],"15":[0,0],"16":[0,0],"17":[0,0],"18":[0,0],"19":[0,0],"20":[0,0],"21":[0,0],"22":[0,0],"23":[0,0],"24":[0,0],"25":[0,0],"26":[0,0],"27":[0,0],"28":[0,0],"29":[0,0],"30":[0,0],"31":[0,0],"32":[0,0],"33":[0,0],"34":[0,0],"35":[0,0],"36":[2,1,1,1,2],"37":[2,1,1,1,2],"38":[2,1,1,1,2],"39":[0,7],"40":[1,6],"41":[0,1],"42":[0,7],"43":[0,7],"44":[7,7],"45":[0,7],"46":[0,0],"47":[0,0],"48":[7,0],"49":[0,7],"50":[7,0],"51":[1,6],"52":[1,6],"53":[7,7],"54":[0,7]},"_coverageSchema":"332fd63041d2c1bcb487cc26dd0d5f7d97098a6c","hash":"123a608518888f712986bdd676fec0a0ae89f43f"}
,"/Users/briansinnicke/Desktop/projects/Github/react-native-dropdownalert/constants.js": {"path":"/Users/briansinnicke/Desktop/projects/Github/react-native-dropdownalert/constants.js","statementMap":{"0":{"start":{"line":3,"column":33},"end":{"line":3,"column":109}},"1":{"start":{"line":4,"column":40},"end":{"line":4,"column":121}},"2":{"start":{"line":5,"column":33},"end":{"line":5,"column":35}},"3":{"start":{"line":6,"column":15},"end":{"line":6,"column":39}},"4":{"start":{"line":7,"column":15},"end":{"line":7,"column":28}},"5":{"start":{"line":8,"column":14},"end":{"line":8,"column":26}},"6":{"start":{"line":9,"column":15},"end":{"line":9,"column":35}},"7":{"start":{"line":10,"column":19},"end":{"line":10,"column":43}},"8":{"start":{"line":12,"column":0},"end":{"line":21,"column":2}}},"fnMap":{},"branchMap":{"0":{"loc":{"start":{"line":3,"column":33},"end":{"line":3,"column":109}},"type":"cond-expr","locations":[{"start":{"line":3,"column":59},"end":{"line":3,"column":97}},{"start":{"line":3,"column":100},"end":{"line":3,"column":109}}],"line":3},"1":{"loc":{"start":{"line":4,"column":40},"end":{"line":4,"column":121}},"type":"cond-expr","locations":[{"start":{"line":4,"column":66},"end":{"line":4,"column":111}},{"start":{"line":4,"column":114},"end":{"line":4,"column":121}}],"line":4}},"s":{"0":3,"1":3,"2":3,"3":3,"4":3,"5":3,"6":3,"7":3,"8":3},"f":{},"b":{"0":[3,0],"1":[3,0]},"_coverageSchema":"332fd63041d2c1bcb487cc26dd0d5f7d97098a6c","hash":"850f01099064151eaf86f373ef516f7ed986d8ce"}
,"/Users/briansinnicke/Desktop/projects/Github/react-native-dropdownalert/functions.js": {"path":"/Users/briansinnicke/Desktop/projects/Github/react-native-dropdownalert/functions.js","statementMap":{"0":{"start":{"line":1,"column":0},"end":{"line":11,"column":2}},"1":{"start":{"line":2,"column":2},"end":{"line":5,"column":3}},"2":{"start":{"line":3,"column":4},"end":{"line":3,"column":93}},"3":{"start":{"line":4,"column":4},"end":{"line":4,"column":17}},"4":{"start":{"line":6,"column":2},"end":{"line":9,"column":3}},"5":{"start":{"line":7,"column":4},"end":{"line":7,"column":103}},"6":{"start":{"line":8,"column":4},"end":{"line":8,"column":17}},"7":{"start":{"line":10,"column":2},"end":{"line":10,"column":14}}},"fnMap":{"0":{"name":"(anonymous_0)","decl":{"start":{"line":1,"column":30},"end":{"line":1,"column":31}},"loc":{"start":{"line":1,"column":45},"end":{"line":11,"column":1}},"line":1}},"branchMap":{"0":{"loc":{"start":{"line":2,"column":2},"end":{"line":5,"column":3}},"type":"if","locations":[{"start":{"line":2,"column":2},"end":{"line":5,"column":3}},{"start":{"line":2,"column":2},"end":{"line":5,"column":3}}],"line":2},"1":{"loc":{"start":{"line":2,"column":6},"end":{"line":2,"column":40}},"type":"binary-expr","locations":[{"start":{"line":2,"column":6},"end":{"line":2,"column":23}},{"start":{"line":2,"column":27},"end":{"line":2,"column":40}}],"line":2},"2":{"loc":{"start":{"line":6,"column":2},"end":{"line":9,"column":3}},"type":"if","locations":[{"start":{"line":6,"column":2},"end":{"line":9,"column":3}},{"start":{"line":6,"column":2},"end":{"line":9,"column":3}}],"line":6},"3":{"loc":{"start":{"line":6,"column":6},"end":{"line":6,"column":98}},"type":"binary-expr","locations":[{"start":{"line":6,"column":6},"end":{"line":6,"column":20}},{"start":{"line":6,"column":24},"end":{"line":6,"column":38}},{"start":{"line":6,"column":42},"end":{"line":6,"column":57}},{"start":{"line":6,"column":61},"end":{"line":6,"column":77}},{"start":{"line":6,"column":81},"end":{"line":6,"column":98}}],"line":6}},"s":{"0":2,"1":7,"2":1,"3":1,"4":6,"5":1,"6":1,"7":5},"f":{"0":7},"b":{"0":[1,6],"1":[7,6],"2":[1,5],"3":[6,5,4,3,2]},"_coverageSchema":"332fd63041d2c1bcb487cc26dd0d5f7d97098a6c","hash":"370f51d48dfeae8b5b28d0d4909ec76f62e494db"}
,"/Users/briansinnicke/Desktop/projects/Github/react-native-dropdownalert/imageview.js": {"path":"/Users/briansinnicke/Desktop/projects/Github/react-native-dropdownalert/imageview.js","statementMap":{"0":{"start":{"line":23,"column":42},"end":{"line":23,"column":52}},"1":{"start":{"line":24,"column":4},"end":{"line":33,"column":5}},"2":{"start":{"line":25,"column":23},"end":{"line":25,"column":49}},"3":{"start":{"line":26,"column":6},"end":{"line":28,"column":7}},"4":{"start":{"line":27,"column":8},"end":{"line":27,"column":50}},"5":{"start":{"line":29,"column":6},"end":{"line":31,"column":7}},"6":{"start":{"line":30,"column":8},"end":{"line":30,"column":51}},"7":{"start":{"line":32,"column":6},"end":{"line":32,"column":98}},"8":{"start":{"line":34,"column":4},"end":{"line":34,"column":16}}},"fnMap":{"0":{"name":"(anonymous_0)","decl":{"start":{"line":22,"column":2},"end":{"line":22,"column":3}},"loc":{"start":{"line":22,"column":11},"end":{"line":35,"column":3}},"line":22}},"branchMap":{"0":{"loc":{"start":{"line":24,"column":4},"end":{"line":33,"column":5}},"type":"if","locations":[{"start":{"line":24,"column":4},"end":{"line":33,"column":5}},{"start":{"line":24,"column":4},"end":{"line":33,"column":5}}],"line":24},"1":{"loc":{"start":{"line":26,"column":6},"end":{"line":28,"column":7}},"type":"if","locations":[{"start":{"line":26,"column":6},"end":{"line":28,"column":7}},{"start":{"line":26,"column":6},"end":{"line":28,"column":7}}],"line":26},"2":{"loc":{"start":{"line":29,"column":6},"end":{"line":31,"column":7}},"type":"if","locations":[{"start":{"line":29,"column":6},"end":{"line":31,"column":7}},{"start":{"line":29,"column":6},"end":{"line":31,"column":7}}],"line":29},"3":{"loc":{"start":{"line":32,"column":42},"end":{"line":32,"column":77}},"type":"cond-expr","locations":[{"start":{"line":32,"column":53},"end":{"line":32,"column":68}},{"start":{"line":32,"column":71},"end":{"line":32,"column":77}}],"line":32}},"s":{"0":5,"1":5,"2":4,"3":4,"4":1,"5":4,"6":1,"7":4,"8":1},"f":{"0":5},"b":{"0":[4,1],"1":[1,3],"2":[1,3],"3":[3,1]},"_coverageSchema":"332fd63041d2c1bcb487cc26dd0d5f7d97098a6c","hash":"f5b656edff72ebc926cc92fdec560f912a052399"}
,"/Users/briansinnicke/Desktop/projects/Github/react-native-dropdownalert/label.js": {"path":"/Users/briansinnicke/Desktop/projects/Github/react-native-dropdownalert/label.js","statementMap":{"0":{"start":{"line":24,"column":54},"end":{"line":24,"column":64}},"1":{"start":{"line":25,"column":4},"end":{"line":31,"column":5}},"2":{"start":{"line":26,"column":6},"end":{"line":30,"column":8}},"3":{"start":{"line":32,"column":4},"end":{"line":32,"column":16}}},"fnMap":{"0":{"name":"(anonymous_0)","decl":{"start":{"line":23,"column":2},"end":{"line":23,"column":3}},"loc":{"start":{"line":23,"column":11},"end":{"line":33,"column":3}},"line":23}},"branchMap":{"0":{"loc":{"start":{"line":25,"column":4},"end":{"line":31,"column":5}},"type":"if","locations":[{"start":{"line":25,"column":4},"end":{"line":31,"column":5}},{"start":{"line":25,"column":4},"end":{"line":31,"column":5}}],"line":25},"1":{"loc":{"start":{"line":25,"column":8},"end":{"line":25,"column":40}},"type":"binary-expr","locations":[{"start":{"line":25,"column":8},"end":{"line":25,"column":21}},{"start":{"line":25,"column":25},"end":{"line":25,"column":40}}],"line":25}},"s":{"0":2,"1":2,"2":1,"3":1},"f":{"0":2},"b":{"0":[1,1],"1":[2,2]},"_coverageSchema":"332fd63041d2c1bcb487cc26dd0d5f7d97098a6c","hash":"871964a7bbb6856ad30543c4020dd2a39aa50935"}
}
