{"/Users/briansinnicke/Desktop/projects/Github/react-native-dropdownalert/DropdownAlert.js": {"path":"/Users/briansinnicke/Desktop/projects/Github/react-native-dropdownalert/DropdownAlert.js","statementMap":{"0":{"start":{"line":149,"column":4},"end":{"line":149,"column":17}},"1":{"start":{"line":150,"column":4},"end":{"line":160,"column":6}},"2":{"start":{"line":163,"column":4},"end":{"line":163,"column":30}},"3":{"start":{"line":166,"column":4},"end":{"line":168,"column":5}},"4":{"start":{"line":167,"column":6},"end":{"line":167,"column":41}},"5":{"start":{"line":171,"column":4},"end":{"line":197,"column":7}},"6":{"start":{"line":173,"column":8},"end":{"line":173,"column":46}},"7":{"start":{"line":176,"column":8},"end":{"line":176,"column":155}},"8":{"start":{"line":179,"column":8},"end":{"line":183,"column":9}},"9":{"start":{"line":180,"column":10},"end":{"line":182,"column":13}},"10":{"start":{"line":186,"column":22},"end":{"line":186,"column":47}},"11":{"start":{"line":187,"column":8},"end":{"line":189,"column":9}},"12":{"start":{"line":188,"column":10},"end":{"line":188,"column":28}},"13":{"start":{"line":192,"column":22},"end":{"line":192,"column":47}},"14":{"start":{"line":193,"column":8},"end":{"line":195,"column":9}},"15":{"start":{"line":194,"column":10},"end":{"line":194,"column":28}},"16":{"start":{"line":200,"column":4},"end":{"line":202,"column":5}},"17":{"start":{"line":201,"column":6},"end":{"line":201,"column":13}},"18":{"start":{"line":203,"column":4},"end":{"line":206,"column":5}},"19":{"start":{"line":204,"column":6},"end":{"line":204,"column":31}},"20":{"start":{"line":205,"column":6},"end":{"line":205,"column":60}},"21":{"start":{"line":207,"column":4},"end":{"line":210,"column":5}},"22":{"start":{"line":208,"column":6},"end":{"line":208,"column":35}},"23":{"start":{"line":209,"column":6},"end":{"line":209,"column":62}},"24":{"start":{"line":211,"column":4},"end":{"line":263,"column":5}},"25":{"start":{"line":212,"column":6},"end":{"line":218,"column":9}},"26":{"start":{"line":219,"column":6},"end":{"line":221,"column":7}},"27":{"start":{"line":220,"column":8},"end":{"line":220,"column":24}},"28":{"start":{"line":222,"column":6},"end":{"line":232,"column":7}},"29":{"start":{"line":223,"column":8},"end":{"line":225,"column":9}},"30":{"start":{"line":224,"column":10},"end":{"line":224,"column":45}},"31":{"start":{"line":226,"column":8},"end":{"line":231,"column":10}},"32":{"start":{"line":228,"column":12},"end":{"line":228,"column":36}},"33":{"start":{"line":234,"column":32},"end":{"line":234,"column":33}},"34":{"start":{"line":235,"column":6},"end":{"line":238,"column":7}},"35":{"start":{"line":236,"column":8},"end":{"line":236,"column":34}},"36":{"start":{"line":237,"column":8},"end":{"line":237,"column":21}},"37":{"start":{"line":239,"column":17},"end":{"line":239,"column":21}},"38":{"start":{"line":240,"column":6},"end":{"line":262,"column":8}},"39":{"start":{"line":242,"column":10},"end":{"line":250,"column":11}},"40":{"start":{"line":243,"column":12},"end":{"line":249,"column":15}},"41":{"start":{"line":251,"column":10},"end":{"line":251,"column":26}},"42":{"start":{"line":252,"column":10},"end":{"line":259,"column":11}},"43":{"start":{"line":253,"column":12},"end":{"line":258,"column":14}},"44":{"start":{"line":255,"column":16},"end":{"line":255,"column":40}},"45":{"start":{"line":266,"column":4},"end":{"line":268,"column":5}},"46":{"start":{"line":267,"column":6},"end":{"line":267,"column":30}},"47":{"start":{"line":269,"column":18},"end":{"line":269,"column":36}},"48":{"start":{"line":270,"column":4},"end":{"line":272,"column":5}},"49":{"start":{"line":271,"column":6},"end":{"line":271,"column":36}},"50":{"start":{"line":273,"column":4},"end":{"line":304,"column":5}},"51":{"start":{"line":274,"column":6},"end":{"line":276,"column":7}},"52":{"start":{"line":275,"column":8},"end":{"line":275,"column":43}},"53":{"start":{"line":277,"column":6},"end":{"line":277,"column":22}},"54":{"start":{"line":278,"column":6},"end":{"line":303,"column":8}},"55":{"start":{"line":280,"column":10},"end":{"line":300,"column":11}},"56":{"start":{"line":281,"column":12},"end":{"line":283,"column":15}},"57":{"start":{"line":284,"column":12},"end":{"line":290,"column":13}},"58":{"start":{"line":285,"column":14},"end":{"line":289,"column":15}},"59":{"start":{"line":286,"column":16},"end":{"line":286,"column":96}},"60":{"start":{"line":288,"column":16},"end":{"line":288,"column":79}},"61":{"start":{"line":291,"column":12},"end":{"line":299,"column":13}},"62":{"start":{"line":292,"column":25},"end":{"line":297,"column":15}},"63":{"start":{"line":298,"column":14},"end":{"line":298,"column":28}},"64":{"start":{"line":307,"column":4},"end":{"line":321,"column":5}},"65":{"start":{"line":308,"column":6},"end":{"line":310,"column":7}},"66":{"start":{"line":309,"column":8},"end":{"line":309,"column":43}},"67":{"start":{"line":311,"column":6},"end":{"line":313,"column":9}},"68":{"start":{"line":314,"column":6},"end":{"line":320,"column":7}},"69":{"start":{"line":315,"column":8},"end":{"line":319,"column":9}},"70":{"start":{"line":316,"column":10},"end":{"line":316,"column":90}},"71":{"start":{"line":318,"column":10},"end":{"line":318,"column":73}},"72":{"start":{"line":324,"column":4},"end":{"line":329,"column":15}},"73":{"start":{"line":332,"column":36},"end":{"line":332,"column":60}},"74":{"start":{"line":333,"column":27},"end":{"line":333,"column":48}},"75":{"start":{"line":334,"column":25},"end":{"line":334,"column":44}},"76":{"start":{"line":335,"column":37},"end":{"line":335,"column":47}},"77":{"start":{"line":336,"column":4},"end":{"line":343,"column":5}},"78":{"start":{"line":337,"column":20},"end":{"line":337,"column":30}},"79":{"start":{"line":338,"column":6},"end":{"line":340,"column":7}},"80":{"start":{"line":339,"column":8},"end":{"line":339,"column":33}},"81":{"start":{"line":341,"column":11},"end":{"line":343,"column":5}},"82":{"start":{"line":342,"column":6},"end":{"line":342,"column":48}},"83":{"start":{"line":344,"column":4},"end":{"line":348,"column":5}},"84":{"start":{"line":345,"column":6},"end":{"line":345,"column":25}},"85":{"start":{"line":346,"column":11},"end":{"line":348,"column":5}},"86":{"start":{"line":347,"column":6},"end":{"line":347,"column":46}},"87":{"start":{"line":349,"column":24},"end":{"line":349,"column":57}},"88":{"start":{"line":350,"column":4},"end":{"line":352,"column":5}},"89":{"start":{"line":351,"column":6},"end":{"line":351,"column":46}},"90":{"start":{"line":353,"column":4},"end":{"line":358,"column":5}},"91":{"start":{"line":354,"column":6},"end":{"line":357,"column":9}},"92":{"start":{"line":361,"column":33},"end":{"line":361,"column":43}},"93":{"start":{"line":362,"column":4},"end":{"line":373,"column":5}},"94":{"start":{"line":364,"column":8},"end":{"line":364,"column":97}},"95":{"start":{"line":366,"column":8},"end":{"line":366,"column":97}},"96":{"start":{"line":368,"column":8},"end":{"line":368,"column":98}},"97":{"start":{"line":370,"column":8},"end":{"line":370,"column":100}},"98":{"start":{"line":372,"column":8},"end":{"line":372,"column":101}},"99":{"start":{"line":376,"column":4},"end":{"line":387,"column":5}},"100":{"start":{"line":378,"column":8},"end":{"line":378,"column":39}},"101":{"start":{"line":380,"column":8},"end":{"line":380,"column":39}},"102":{"start":{"line":382,"column":8},"end":{"line":382,"column":40}},"103":{"start":{"line":384,"column":8},"end":{"line":384,"column":42}},"104":{"start":{"line":386,"column":8},"end":{"line":386,"column":35}},"105":{"start":{"line":390,"column":4},"end":{"line":401,"column":5}},"106":{"start":{"line":392,"column":8},"end":{"line":392,"column":36}},"107":{"start":{"line":394,"column":8},"end":{"line":394,"column":36}},"108":{"start":{"line":396,"column":8},"end":{"line":396,"column":37}},"109":{"start":{"line":398,"column":8},"end":{"line":398,"column":39}},"110":{"start":{"line":400,"column":8},"end":{"line":400,"column":57}},"111":{"start":{"line":404,"column":4},"end":{"line":406,"column":5}},"112":{"start":{"line":405,"column":6},"end":{"line":405,"column":48}},"113":{"start":{"line":407,"column":4},"end":{"line":407,"column":91}},"114":{"start":{"line":410,"column":4},"end":{"line":427,"column":5}},"115":{"start":{"line":411,"column":6},"end":{"line":426,"column":7}},"116":{"start":{"line":412,"column":8},"end":{"line":412,"column":51}},"117":{"start":{"line":414,"column":8},"end":{"line":425,"column":10}},"118":{"start":{"line":421,"column":27},"end":{"line":421,"column":47}},"119":{"start":{"line":428,"column":4},"end":{"line":428,"column":16}},"120":{"start":{"line":431,"column":4},"end":{"line":437,"column":5}},"121":{"start":{"line":432,"column":6},"end":{"line":432,"column":48}},"122":{"start":{"line":434,"column":6},"end":{"line":436,"column":8}},"123":{"start":{"line":440,"column":4},"end":{"line":446,"column":5}},"124":{"start":{"line":441,"column":6},"end":{"line":441,"column":50}},"125":{"start":{"line":443,"column":6},"end":{"line":445,"column":8}},"126":{"start":{"line":449,"column":29},"end":{"line":449,"column":39}},"127":{"start":{"line":450,"column":4},"end":{"line":512,"column":5}},"128":{"start":{"line":451,"column":18},"end":{"line":451,"column":44}},"129":{"start":{"line":452,"column":21},"end":{"line":452,"column":48}},"130":{"start":{"line":453,"column":30},"end":{"line":453,"column":66}},"131":{"start":{"line":454,"column":130},"end":{"line":454,"column":140}},"132":{"start":{"line":455,"column":6},"end":{"line":462,"column":7}},"133":{"start":{"line":456,"column":8},"end":{"line":458,"column":9}},"134":{"start":{"line":457,"column":10},"end":{"line":457,"column":67}},"135":{"start":{"line":459,"column":8},"end":{"line":461,"column":9}},"136":{"start":{"line":460,"column":10},"end":{"line":460,"column":59}},"137":{"start":{"line":463,"column":6},"end":{"line":470,"column":7}},"138":{"start":{"line":464,"column":8},"end":{"line":469,"column":9}},"139":{"start":{"line":465,"column":10},"end":{"line":465,"column":77}},"140":{"start":{"line":466,"column":10},"end":{"line":466,"column":48}},"141":{"start":{"line":467,"column":15},"end":{"line":469,"column":9}},"142":{"start":{"line":468,"column":10},"end":{"line":468,"column":60}},"143":{"start":{"line":471,"column":25},"end":{"line":485,"column":7}},"144":{"start":{"line":486,"column":6},"end":{"line":486,"column":80}},"145":{"start":{"line":486,"column":37},"end":{"line":486,"column":80}},"146":{"start":{"line":487,"column":6},"end":{"line":511,"column":8}},"147":{"start":{"line":489,"column":22},"end":{"line":489,"column":41}},"148":{"start":{"line":495,"column":66},"end":{"line":495,"column":83}},"149":{"start":{"line":497,"column":31},"end":{"line":497,"column":56}},"150":{"start":{"line":513,"column":4},"end":{"line":513,"column":16}}},"fnMap":{"0":{"name":"(anonymous_0)","decl":{"start":{"line":148,"column":2},"end":{"line":148,"column":3}},"loc":{"start":{"line":148,"column":21},"end":{"line":161,"column":3}},"line":148},"1":{"name":"(anonymous_1)","decl":{"start":{"line":162,"column":2},"end":{"line":162,"column":3}},"loc":{"start":{"line":162,"column":23},"end":{"line":164,"column":3}},"line":162},"2":{"name":"(anonymous_2)","decl":{"start":{"line":165,"column":2},"end":{"line":165,"column":3}},"loc":{"start":{"line":165,"column":25},"end":{"line":169,"column":3}},"line":165},"3":{"name":"(anonymous_3)","decl":{"start":{"line":170,"column":23},"end":{"line":170,"column":24}},"loc":{"start":{"line":170,"column":29},"end":{"line":198,"column":3}},"line":170},"4":{"name":"(anonymous_4)","decl":{"start":{"line":172,"column":36},"end":{"line":172,"column":37}},"loc":{"start":{"line":172,"column":59},"end":{"line":174,"column":7}},"line":172},"5":{"name":"(anonymous_5)","decl":{"start":{"line":175,"column":35},"end":{"line":175,"column":36}},"loc":{"start":{"line":175,"column":58},"end":{"line":177,"column":7}},"line":175},"6":{"name":"(anonymous_6)","decl":{"start":{"line":178,"column":26},"end":{"line":178,"column":27}},"loc":{"start":{"line":178,"column":49},"end":{"line":184,"column":7}},"line":178},"7":{"name":"(anonymous_7)","decl":{"start":{"line":185,"column":29},"end":{"line":185,"column":30}},"loc":{"start":{"line":185,"column":52},"end":{"line":190,"column":7}},"line":185},"8":{"name":"(anonymous_8)","decl":{"start":{"line":191,"column":31},"end":{"line":191,"column":32}},"loc":{"start":{"line":191,"column":54},"end":{"line":196,"column":7}},"line":191},"9":{"name":"(anonymous_9)","decl":{"start":{"line":199,"column":18},"end":{"line":199,"column":19}},"loc":{"start":{"line":199,"column":44},"end":{"line":264,"column":3}},"line":199},"10":{"name":"(anonymous_10)","decl":{"start":{"line":227,"column":10},"end":{"line":227,"column":11}},"loc":{"start":{"line":227,"column":21},"end":{"line":229,"column":11}},"line":227},"11":{"name":"(anonymous_11)","decl":{"start":{"line":241,"column":8},"end":{"line":241,"column":9}},"loc":{"start":{"line":241,"column":19},"end":{"line":260,"column":9}},"line":241},"12":{"name":"(anonymous_12)","decl":{"start":{"line":254,"column":14},"end":{"line":254,"column":15}},"loc":{"start":{"line":254,"column":25},"end":{"line":256,"column":15}},"line":254},"13":{"name":"(anonymous_13)","decl":{"start":{"line":265,"column":10},"end":{"line":265,"column":11}},"loc":{"start":{"line":265,"column":20},"end":{"line":305,"column":3}},"line":265},"14":{"name":"(anonymous_14)","decl":{"start":{"line":279,"column":8},"end":{"line":279,"column":9}},"loc":{"start":{"line":279,"column":19},"end":{"line":301,"column":9}},"line":279},"15":{"name":"(anonymous_15)","decl":{"start":{"line":306,"column":2},"end":{"line":306,"column":3}},"loc":{"start":{"line":306,"column":18},"end":{"line":322,"column":3}},"line":306},"16":{"name":"(anonymous_16)","decl":{"start":{"line":323,"column":12},"end":{"line":323,"column":13}},"loc":{"start":{"line":323,"column":23},"end":{"line":330,"column":3}},"line":323},"17":{"name":"(anonymous_17)","decl":{"start":{"line":331,"column":2},"end":{"line":331,"column":3}},"loc":{"start":{"line":331,"column":23},"end":{"line":359,"column":3}},"line":331},"18":{"name":"(anonymous_18)","decl":{"start":{"line":360,"column":2},"end":{"line":360,"column":3}},"loc":{"start":{"line":360,"column":24},"end":{"line":374,"column":3}},"line":360},"19":{"name":"(anonymous_19)","decl":{"start":{"line":375,"column":2},"end":{"line":375,"column":3}},"loc":{"start":{"line":375,"column":25},"end":{"line":388,"column":3}},"line":375},"20":{"name":"(anonymous_20)","decl":{"start":{"line":389,"column":2},"end":{"line":389,"column":3}},"loc":{"start":{"line":389,"column":34},"end":{"line":402,"column":3}},"line":389},"21":{"name":"(anonymous_21)","decl":{"start":{"line":403,"column":2},"end":{"line":403,"column":3}},"loc":{"start":{"line":403,"column":22},"end":{"line":408,"column":3}},"line":403},"22":{"name":"(anonymous_22)","decl":{"start":{"line":409,"column":2},"end":{"line":409,"column":3}},"loc":{"start":{"line":409,"column":21},"end":{"line":429,"column":3}},"line":409},"23":{"name":"(anonymous_23)","decl":{"start":{"line":421,"column":21},"end":{"line":421,"column":22}},"loc":{"start":{"line":421,"column":27},"end":{"line":421,"column":47}},"line":421},"24":{"name":"(anonymous_24)","decl":{"start":{"line":430,"column":2},"end":{"line":430,"column":3}},"loc":{"start":{"line":430,"column":16},"end":{"line":438,"column":3}},"line":430},"25":{"name":"(anonymous_25)","decl":{"start":{"line":439,"column":2},"end":{"line":439,"column":3}},"loc":{"start":{"line":439,"column":18},"end":{"line":447,"column":3}},"line":439},"26":{"name":"(anonymous_26)","decl":{"start":{"line":448,"column":2},"end":{"line":448,"column":3}},"loc":{"start":{"line":448,"column":11},"end":{"line":514,"column":3}},"line":448},"27":{"name":"(anonymous_27)","decl":{"start":{"line":489,"column":15},"end":{"line":489,"column":16}},"loc":{"start":{"line":489,"column":22},"end":{"line":489,"column":41}},"line":489},"28":{"name":"(anonymous_28)","decl":{"start":{"line":495,"column":60},"end":{"line":495,"column":61}},"loc":{"start":{"line":495,"column":66},"end":{"line":495,"column":83}},"line":495},"29":{"name":"(anonymous_29)","decl":{"start":{"line":497,"column":22},"end":{"line":497,"column":23}},"loc":{"start":{"line":497,"column":31},"end":{"line":497,"column":56}},"line":497}},"branchMap":{"0":{"loc":{"start":{"line":126,"column":18},"end":{"line":126,"column":37}},"type":"cond-expr","locations":[{"start":{"line":126,"column":31},"end":{"line":126,"column":32}},{"start":{"line":126,"column":35},"end":{"line":126,"column":37}}],"line":126},"1":{"loc":{"start":{"line":166,"column":4},"end":{"line":168,"column":5}},"type":"if","locations":[{"start":{"line":166,"column":4},"end":{"line":168,"column":5}},{"start":{"line":166,"column":4},"end":{"line":168,"column":5}}],"line":166},"2":{"loc":{"start":{"line":176,"column":15},"end":{"line":176,"column":154}},"type":"binary-expr","locations":[{"start":{"line":176,"column":15},"end":{"line":176,"column":65}},{"start":{"line":176,"column":69},"end":{"line":176,"column":120}},{"start":{"line":176,"column":124},"end":{"line":176,"column":154}}],"line":176},"3":{"loc":{"start":{"line":179,"column":8},"end":{"line":183,"column":9}},"type":"if","locations":[{"start":{"line":179,"column":8},"end":{"line":183,"column":9}},{"start":{"line":179,"column":8},"end":{"line":183,"column":9}}],"line":179},"4":{"loc":{"start":{"line":187,"column":8},"end":{"line":189,"column":9}},"type":"if","locations":[{"start":{"line":187,"column":8},"end":{"line":189,"column":9}},{"start":{"line":187,"column":8},"end":{"line":189,"column":9}}],"line":187},"5":{"loc":{"start":{"line":193,"column":8},"end":{"line":195,"column":9}},"type":"if","locations":[{"start":{"line":193,"column":8},"end":{"line":195,"column":9}},{"start":{"line":193,"column":8},"end":{"line":195,"column":9}}],"line":193},"6":{"loc":{"start":{"line":200,"column":4},"end":{"line":202,"column":5}},"type":"if","locations":[{"start":{"line":200,"column":4},"end":{"line":202,"column":5}},{"start":{"line":200,"column":4},"end":{"line":202,"column":5}}],"line":200},"7":{"loc":{"start":{"line":203,"column":4},"end":{"line":206,"column":5}},"type":"if","locations":[{"start":{"line":203,"column":4},"end":{"line":206,"column":5}},{"start":{"line":203,"column":4},"end":{"line":206,"column":5}}],"line":203},"8":{"loc":{"start":{"line":207,"column":4},"end":{"line":210,"column":5}},"type":"if","locations":[{"start":{"line":207,"column":4},"end":{"line":210,"column":5}},{"start":{"line":207,"column":4},"end":{"line":210,"column":5}}],"line":207},"9":{"loc":{"start":{"line":211,"column":4},"end":{"line":263,"column":5}},"type":"if","locations":[{"start":{"line":211,"column":4},"end":{"line":263,"column":5}},{"start":{"line":211,"column":4},"end":{"line":263,"column":5}}],"line":211},"10":{"loc":{"start":{"line":219,"column":6},"end":{"line":221,"column":7}},"type":"if","locations":[{"start":{"line":219,"column":6},"end":{"line":221,"column":7}},{"start":{"line":219,"column":6},"end":{"line":221,"column":7}}],"line":219},"11":{"loc":{"start":{"line":222,"column":6},"end":{"line":232,"column":7}},"type":"if","locations":[{"start":{"line":222,"column":6},"end":{"line":232,"column":7}},{"start":{"line":222,"column":6},"end":{"line":232,"column":7}}],"line":222},"12":{"loc":{"start":{"line":223,"column":8},"end":{"line":225,"column":9}},"type":"if","locations":[{"start":{"line":223,"column":8},"end":{"line":225,"column":9}},{"start":{"line":223,"column":8},"end":{"line":225,"column":9}}],"line":223},"13":{"loc":{"start":{"line":235,"column":6},"end":{"line":238,"column":7}},"type":"if","locations":[{"start":{"line":235,"column":6},"end":{"line":238,"column":7}},{"start":{"line":235,"column":6},"end":{"line":238,"column":7}}],"line":235},"14":{"loc":{"start":{"line":242,"column":10},"end":{"line":250,"column":11}},"type":"if","locations":[{"start":{"line":242,"column":10},"end":{"line":250,"column":11}},{"start":{"line":242,"column":10},"end":{"line":250,"column":11}}],"line":242},"15":{"loc":{"start":{"line":252,"column":10},"end":{"line":259,"column":11}},"type":"if","locations":[{"start":{"line":252,"column":10},"end":{"line":259,"column":11}},{"start":{"line":252,"column":10},"end":{"line":259,"column":11}}],"line":252},"16":{"loc":{"start":{"line":266,"column":4},"end":{"line":268,"column":5}},"type":"if","locations":[{"start":{"line":266,"column":4},"end":{"line":268,"column":5}},{"start":{"line":266,"column":4},"end":{"line":268,"column":5}}],"line":266},"17":{"loc":{"start":{"line":270,"column":4},"end":{"line":272,"column":5}},"type":"if","locations":[{"start":{"line":270,"column":4},"end":{"line":272,"column":5}},{"start":{"line":270,"column":4},"end":{"line":272,"column":5}}],"line":270},"18":{"loc":{"start":{"line":273,"column":4},"end":{"line":304,"column":5}},"type":"if","locations":[{"start":{"line":273,"column":4},"end":{"line":304,"column":5}},{"start":{"line":273,"column":4},"end":{"line":304,"column":5}}],"line":273},"19":{"loc":{"start":{"line":274,"column":6},"end":{"line":276,"column":7}},"type":"if","locations":[{"start":{"line":274,"column":6},"end":{"line":276,"column":7}},{"start":{"line":274,"column":6},"end":{"line":276,"column":7}}],"line":274},"20":{"loc":{"start":{"line":280,"column":10},"end":{"line":300,"column":11}},"type":"if","locations":[{"start":{"line":280,"column":10},"end":{"line":300,"column":11}},{"start":{"line":280,"column":10},"end":{"line":300,"column":11}}],"line":280},"21":{"loc":{"start":{"line":284,"column":12},"end":{"line":290,"column":13}},"type":"if","locations":[{"start":{"line":284,"column":12},"end":{"line":290,"column":13}},{"start":{"line":284,"column":12},"end":{"line":290,"column":13}}],"line":284},"22":{"loc":{"start":{"line":285,"column":14},"end":{"line":289,"column":15}},"type":"if","locations":[{"start":{"line":285,"column":14},"end":{"line":289,"column":15}},{"start":{"line":285,"column":14},"end":{"line":289,"column":15}}],"line":285},"23":{"loc":{"start":{"line":291,"column":12},"end":{"line":299,"column":13}},"type":"if","locations":[{"start":{"line":291,"column":12},"end":{"line":299,"column":13}},{"start":{"line":291,"column":12},"end":{"line":299,"column":13}}],"line":291},"24":{"loc":{"start":{"line":307,"column":4},"end":{"line":321,"column":5}},"type":"if","locations":[{"start":{"line":307,"column":4},"end":{"line":321,"column":5}},{"start":{"line":307,"column":4},"end":{"line":321,"column":5}}],"line":307},"25":{"loc":{"start":{"line":308,"column":6},"end":{"line":310,"column":7}},"type":"if","locations":[{"start":{"line":308,"column":6},"end":{"line":310,"column":7}},{"start":{"line":308,"column":6},"end":{"line":310,"column":7}}],"line":308},"26":{"loc":{"start":{"line":314,"column":6},"end":{"line":320,"column":7}},"type":"if","locations":[{"start":{"line":314,"column":6},"end":{"line":320,"column":7}},{"start":{"line":314,"column":6},"end":{"line":320,"column":7}}],"line":314},"27":{"loc":{"start":{"line":315,"column":8},"end":{"line":319,"column":9}},"type":"if","locations":[{"start":{"line":315,"column":8},"end":{"line":319,"column":9}},{"start":{"line":315,"column":8},"end":{"line":319,"column":9}}],"line":315},"28":{"loc":{"start":{"line":336,"column":4},"end":{"line":343,"column":5}},"type":"if","locations":[{"start":{"line":336,"column":4},"end":{"line":343,"column":5}},{"start":{"line":336,"column":4},"end":{"line":343,"column":5}}],"line":336},"29":{"loc":{"start":{"line":338,"column":6},"end":{"line":340,"column":7}},"type":"if","locations":[{"start":{"line":338,"column":6},"end":{"line":340,"column":7}},{"start":{"line":338,"column":6},"end":{"line":340,"column":7}}],"line":338},"30":{"loc":{"start":{"line":341,"column":11},"end":{"line":343,"column":5}},"type":"if","locations":[{"start":{"line":341,"column":11},"end":{"line":343,"column":5}},{"start":{"line":341,"column":11},"end":{"line":343,"column":5}}],"line":341},"31":{"loc":{"start":{"line":344,"column":4},"end":{"line":348,"column":5}},"type":"if","locations":[{"start":{"line":344,"column":4},"end":{"line":348,"column":5}},{"start":{"line":344,"column":4},"end":{"line":348,"column":5}}],"line":344},"32":{"loc":{"start":{"line":346,"column":11},"end":{"line":348,"column":5}},"type":"if","locations":[{"start":{"line":346,"column":11},"end":{"line":348,"column":5}},{"start":{"line":346,"column":11},"end":{"line":348,"column":5}}],"line":346},"33":{"loc":{"start":{"line":350,"column":4},"end":{"line":352,"column":5}},"type":"if","locations":[{"start":{"line":350,"column":4},"end":{"line":352,"column":5}},{"start":{"line":350,"column":4},"end":{"line":352,"column":5}}],"line":350},"34":{"loc":{"start":{"line":353,"column":4},"end":{"line":358,"column":5}},"type":"if","locations":[{"start":{"line":353,"column":4},"end":{"line":358,"column":5}},{"start":{"line":353,"column":4},"end":{"line":358,"column":5}}],"line":353},"35":{"loc":{"start":{"line":353,"column":8},"end":{"line":353,"column":90}},"type":"binary-expr","locations":[{"start":{"line":353,"column":8},"end":{"line":353,"column":49}},{"start":{"line":353,"column":53},"end":{"line":353,"column":90}}],"line":353},"36":{"loc":{"start":{"line":362,"column":4},"end":{"line":373,"column":5}},"type":"switch","locations":[{"start":{"line":363,"column":6},"end":{"line":364,"column":97}},{"start":{"line":365,"column":6},"end":{"line":366,"column":97}},{"start":{"line":367,"column":6},"end":{"line":368,"column":98}},{"start":{"line":369,"column":6},"end":{"line":370,"column":100}},{"start":{"line":371,"column":6},"end":{"line":372,"column":101}}],"line":362},"37":{"loc":{"start":{"line":376,"column":4},"end":{"line":387,"column":5}},"type":"switch","locations":[{"start":{"line":377,"column":6},"end":{"line":378,"column":39}},{"start":{"line":379,"column":6},"end":{"line":380,"column":39}},{"start":{"line":381,"column":6},"end":{"line":382,"column":40}},{"start":{"line":383,"column":6},"end":{"line":384,"column":42}},{"start":{"line":385,"column":6},"end":{"line":386,"column":35}}],"line":376},"38":{"loc":{"start":{"line":390,"column":4},"end":{"line":401,"column":5}},"type":"switch","locations":[{"start":{"line":391,"column":6},"end":{"line":392,"column":36}},{"start":{"line":393,"column":6},"end":{"line":394,"column":36}},{"start":{"line":395,"column":6},"end":{"line":396,"column":37}},{"start":{"line":397,"column":6},"end":{"line":398,"column":39}},{"start":{"line":399,"column":6},"end":{"line":400,"column":57}}],"line":390},"39":{"loc":{"start":{"line":404,"column":4},"end":{"line":406,"column":5}},"type":"if","locations":[{"start":{"line":404,"column":4},"end":{"line":406,"column":5}},{"start":{"line":404,"column":4},"end":{"line":406,"column":5}}],"line":404},"40":{"loc":{"start":{"line":410,"column":4},"end":{"line":427,"column":5}},"type":"if","locations":[{"start":{"line":410,"column":4},"end":{"line":427,"column":5}},{"start":{"line":410,"column":4},"end":{"line":427,"column":5}}],"line":410},"41":{"loc":{"start":{"line":411,"column":6},"end":{"line":426,"column":7}},"type":"if","locations":[{"start":{"line":411,"column":6},"end":{"line":426,"column":7}},{"start":{"line":411,"column":6},"end":{"line":426,"column":7}}],"line":411},"42":{"loc":{"start":{"line":431,"column":4},"end":{"line":437,"column":5}},"type":"if","locations":[{"start":{"line":431,"column":4},"end":{"line":437,"column":5}},{"start":{"line":431,"column":4},"end":{"line":437,"column":5}}],"line":431},"43":{"loc":{"start":{"line":440,"column":4},"end":{"line":446,"column":5}},"type":"if","locations":[{"start":{"line":440,"column":4},"end":{"line":446,"column":5}},{"start":{"line":440,"column":4},"end":{"line":446,"column":5}}],"line":440},"44":{"loc":{"start":{"line":450,"column":4},"end":{"line":512,"column":5}},"type":"if","locations":[{"start":{"line":450,"column":4},"end":{"line":512,"column":5}},{"start":{"line":450,"column":4},"end":{"line":512,"column":5}}],"line":450},"45":{"loc":{"start":{"line":455,"column":6},"end":{"line":462,"column":7}},"type":"if","locations":[{"start":{"line":455,"column":6},"end":{"line":462,"column":7}},{"start":{"line":455,"column":6},"end":{"line":462,"column":7}}],"line":455},"46":{"loc":{"start":{"line":456,"column":8},"end":{"line":458,"column":9}},"type":"if","locations":[{"start":{"line":456,"column":8},"end":{"line":458,"column":9}},{"start":{"line":456,"column":8},"end":{"line":458,"column":9}}],"line":456},"47":{"loc":{"start":{"line":459,"column":8},"end":{"line":461,"column":9}},"type":"if","locations":[{"start":{"line":459,"column":8},"end":{"line":461,"column":9}},{"start":{"line":459,"column":8},"end":{"line":461,"column":9}}],"line":459},"48":{"loc":{"start":{"line":463,"column":6},"end":{"line":470,"column":7}},"type":"if","locations":[{"start":{"line":463,"column":6},"end":{"line":470,"column":7}},{"start":{"line":463,"column":6},"end":{"line":470,"column":7}}],"line":463},"49":{"loc":{"start":{"line":464,"column":8},"end":{"line":469,"column":9}},"type":"if","locations":[{"start":{"line":464,"column":8},"end":{"line":469,"column":9}},{"start":{"line":464,"column":8},"end":{"line":469,"column":9}}],"line":464},"50":{"loc":{"start":{"line":467,"column":15},"end":{"line":469,"column":9}},"type":"if","locations":[{"start":{"line":467,"column":15},"end":{"line":469,"column":9}},{"start":{"line":467,"column":15},"end":{"line":469,"column":9}}],"line":467},"51":{"loc":{"start":{"line":486,"column":6},"end":{"line":486,"column":80}},"type":"if","locations":[{"start":{"line":486,"column":6},"end":{"line":486,"column":80}},{"start":{"line":486,"column":6},"end":{"line":486,"column":80}}],"line":486},"52":{"loc":{"start":{"line":494,"column":27},"end":{"line":494,"column":81}},"type":"cond-expr","locations":[{"start":{"line":494,"column":73},"end":{"line":494,"column":74}},{"start":{"line":494,"column":77},"end":{"line":494,"column":81}}],"line":494},"53":{"loc":{"start":{"line":494,"column":27},"end":{"line":494,"column":70}},"type":"binary-expr","locations":[{"start":{"line":494,"column":27},"end":{"line":494,"column":56}},{"start":{"line":494,"column":60},"end":{"line":494,"column":70}}],"line":494},"54":{"loc":{"start":{"line":495,"column":21},"end":{"line":495,"column":83}},"type":"cond-expr","locations":[{"start":{"line":495,"column":53},"end":{"line":495,"column":57}},{"start":{"line":495,"column":60},"end":{"line":495,"column":83}}],"line":495}},"s":{"0":13,"1":13,"2":13,"3":0,"4":0,"5":13,"6":0,"7":0,"8":0,"9":0,"10":0,"11":0,"12":0,"13":0,"14":0,"15":0,"16":3,"17":1,"18":2,"19":1,"20":1,"21":2,"22":1,"23":1,"24":2,"25":1,"26":1,"27":0,"28":1,"29":1,"30":1,"31":1,"32":0,"33":1,"34":1,"35":0,"36":0,"37":1,"38":1,"39":1,"40":1,"41":1,"42":1,"43":1,"44":0,"45":2,"46":1,"47":2,"48":2,"49":1,"50":2,"51":1,"52":0,"53":1,"54":1,"55":1,"56":1,"57":1,"58":1,"59":0,"60":1,"61":1,"62":0,"63":0,"64":1,"65":1,"66":1,"67":1,"68":1,"69":1,"70":0,"71":1,"72":2,"73":0,"74":0,"75":0,"76":0,"77":0,"78":0,"79":0,"80":0,"81":0,"82":0,"83":0,"84":0,"85":0,"86":0,"87":0,"88":0,"89":0,"90":0,"91":0,"92":11,"93":11,"94":3,"95":1,"96":2,"97":1,"98":4,"99":11,"100":3,"101":1,"102":2,"103":1,"104":4,"105":11,"106":3,"107":1,"108":2,"109":1,"110":4,"111":11,"112":0,"113":11,"114":11,"115":1,"116":0,"117":1,"118":0,"119":10,"120":11,"121":0,"122":11,"123":11,"124":0,"125":11,"126":26,"127":26,"128":11,"129":11,"130":11,"131":11,"132":11,"133":0,"134":0,"135":0,"136":0,"137":11,"138":11,"139":0,"140":0,"141":11,"142":11,"143":11,"144":11,"145":1,"146":11,"147":0,"148":0,"149":0,"150":15},"f":{"0":13,"1":13,"2":0,"3":13,"4":0,"5":0,"6":0,"7":0,"8":0,"9":3,"10":0,"11":1,"12":0,"13":2,"14":1,"15":1,"16":2,"17":0,"18":11,"19":11,"20":11,"21":11,"22":11,"23":0,"24":11,"25":11,"26":26,"27":0,"28":0,"29":0},"b":{"0":[0,1],"1":[0,0],"2":[0,0,0],"3":[0,0],"4":[0,0],"5":[0,0],"6":[1,2],"7":[1,1],"8":[1,1],"9":[1,1],"10":[0,1],"11":[1,0],"12":[1,0],"13":[0,1],"14":[1,0],"15":[1,0],"16":[1,1],"17":[1,1],"18":[1,1],"19":[0,1],"20":[1,0],"21":[1,0],"22":[0,1],"23":[0,1],"24":[1,0],"25":[1,0],"26":[1,0],"27":[0,1],"28":[0,0],"29":[0,0],"30":[0,0],"31":[0,0],"32":[0,0],"33":[0,0],"34":[0,0],"35":[0,0],"36":[3,1,2,1,4],"37":[3,1,2,1,4],"38":[3,1,2,1,4],"39":[0,11],"40":[1,10],"41":[0,1],"42":[0,11],"43":[0,11],"44":[11,15],"45":[0,11],"46":[0,0],"47":[0,0],"48":[11,0],"49":[0,11],"50":[11,0],"51":[1,10],"52":[1,10],"53":[11,11],"54":[0,11]},"_coverageSchema":"332fd63041d2c1bcb487cc26dd0d5f7d97098a6c","hash":"9cb05277797bd46099d5b6edffaf98b5b9a901e5"}
,"/Users/briansinnicke/Desktop/projects/Github/react-native-dropdownalert/constants.js": {"path":"/Users/briansinnicke/Desktop/projects/Github/react-native-dropdownalert/constants.js","statementMap":{"0":{"start":{"line":3,"column":33},"end":{"line":3,"column":109}},"1":{"start":{"line":4,"column":40},"end":{"line":4,"column":121}},"2":{"start":{"line":5,"column":33},"end":{"line":5,"column":35}},"3":{"start":{"line":6,"column":15},"end":{"line":6,"column":39}},"4":{"start":{"line":7,"column":15},"end":{"line":7,"column":28}},"5":{"start":{"line":8,"column":14},"end":{"line":8,"column":26}},"6":{"start":{"line":9,"column":15},"end":{"line":9,"column":35}},"7":{"start":{"line":10,"column":19},"end":{"line":10,"column":43}},"8":{"start":{"line":12,"column":0},"end":{"line":21,"column":2}}},"fnMap":{},"branchMap":{"0":{"loc":{"start":{"line":3,"column":33},"end":{"line":3,"column":109}},"type":"cond-expr","locations":[{"start":{"line":3,"column":59},"end":{"line":3,"column":97}},{"start":{"line":3,"column":100},"end":{"line":3,"column":109}}],"line":3},"1":{"loc":{"start":{"line":4,"column":40},"end":{"line":4,"column":121}},"type":"cond-expr","locations":[{"start":{"line":4,"column":66},"end":{"line":4,"column":111}},{"start":{"line":4,"column":114},"end":{"line":4,"column":121}}],"line":4}},"s":{"0":3,"1":3,"2":3,"3":3,"4":3,"5":3,"6":3,"7":3,"8":3},"f":{},"b":{"0":[3,0],"1":[3,0]},"_coverageSchema":"332fd63041d2c1bcb487cc26dd0d5f7d97098a6c","hash":"850f01099064151eaf86f373ef516f7ed986d8ce"}
,"/Users/briansinnicke/Desktop/projects/Github/react-native-dropdownalert/functions.js": {"path":"/Users/briansinnicke/Desktop/projects/Github/react-native-dropdownalert/functions.js","statementMap":{"0":{"start":{"line":1,"column":0},"end":{"line":11,"column":2}},"1":{"start":{"line":2,"column":2},"end":{"line":5,"column":3}},"2":{"start":{"line":3,"column":4},"end":{"line":3,"column":93}},"3":{"start":{"line":4,"column":4},"end":{"line":4,"column":17}},"4":{"start":{"line":6,"column":2},"end":{"line":9,"column":3}},"5":{"start":{"line":7,"column":4},"end":{"line":7,"column":103}},"6":{"start":{"line":8,"column":4},"end":{"line":8,"column":17}},"7":{"start":{"line":10,"column":2},"end":{"line":10,"column":14}}},"fnMap":{"0":{"name":"(anonymous_0)","decl":{"start":{"line":1,"column":30},"end":{"line":1,"column":31}},"loc":{"start":{"line":1,"column":45},"end":{"line":11,"column":1}},"line":1}},"branchMap":{"0":{"loc":{"start":{"line":2,"column":2},"end":{"line":5,"column":3}},"type":"if","locations":[{"start":{"line":2,"column":2},"end":{"line":5,"column":3}},{"start":{"line":2,"column":2},"end":{"line":5,"column":3}}],"line":2},"1":{"loc":{"start":{"line":2,"column":6},"end":{"line":2,"column":40}},"type":"binary-expr","locations":[{"start":{"line":2,"column":6},"end":{"line":2,"column":23}},{"start":{"line":2,"column":27},"end":{"line":2,"column":40}}],"line":2},"2":{"loc":{"start":{"line":6,"column":2},"end":{"line":9,"column":3}},"type":"if","locations":[{"start":{"line":6,"column":2},"end":{"line":9,"column":3}},{"start":{"line":6,"column":2},"end":{"line":9,"column":3}}],"line":6},"3":{"loc":{"start":{"line":6,"column":6},"end":{"line":6,"column":98}},"type":"binary-expr","locations":[{"start":{"line":6,"column":6},"end":{"line":6,"column":20}},{"start":{"line":6,"column":24},"end":{"line":6,"column":38}},{"start":{"line":6,"column":42},"end":{"line":6,"column":57}},{"start":{"line":6,"column":61},"end":{"line":6,"column":77}},{"start":{"line":6,"column":81},"end":{"line":6,"column":98}}],"line":6}},"s":{"0":2,"1":10,"2":1,"3":1,"4":9,"5":2,"6":2,"7":7},"f":{"0":10},"b":{"0":[1,9],"1":[10,9],"2":[2,7],"3":[9,7,6,4,3]},"_coverageSchema":"332fd63041d2c1bcb487cc26dd0d5f7d97098a6c","hash":"370f51d48dfeae8b5b28d0d4909ec76f62e494db"}
,"/Users/briansinnicke/Desktop/projects/Github/react-native-dropdownalert/imageview.js": {"path":"/Users/briansinnicke/Desktop/projects/Github/react-native-dropdownalert/imageview.js","statementMap":{"0":{"start":{"line":23,"column":42},"end":{"line":23,"column":52}},"1":{"start":{"line":24,"column":4},"end":{"line":33,"column":5}},"2":{"start":{"line":25,"column":23},"end":{"line":25,"column":49}},"3":{"start":{"line":26,"column":6},"end":{"line":28,"column":7}},"4":{"start":{"line":27,"column":8},"end":{"line":27,"column":50}},"5":{"start":{"line":29,"column":6},"end":{"line":31,"column":7}},"6":{"start":{"line":30,"column":8},"end":{"line":30,"column":51}},"7":{"start":{"line":32,"column":6},"end":{"line":32,"column":98}},"8":{"start":{"line":34,"column":4},"end":{"line":34,"column":16}}},"fnMap":{"0":{"name":"(anonymous_0)","decl":{"start":{"line":22,"column":2},"end":{"line":22,"column":3}},"loc":{"start":{"line":22,"column":11},"end":{"line":35,"column":3}},"line":22}},"branchMap":{"0":{"loc":{"start":{"line":24,"column":4},"end":{"line":33,"column":5}},"type":"if","locations":[{"start":{"line":24,"column":4},"end":{"line":33,"column":5}},{"start":{"line":24,"column":4},"end":{"line":33,"column":5}}],"line":24},"1":{"loc":{"start":{"line":26,"column":6},"end":{"line":28,"column":7}},"type":"if","locations":[{"start":{"line":26,"column":6},"end":{"line":28,"column":7}},{"start":{"line":26,"column":6},"end":{"line":28,"column":7}}],"line":26},"2":{"loc":{"start":{"line":29,"column":6},"end":{"line":31,"column":7}},"type":"if","locations":[{"start":{"line":29,"column":6},"end":{"line":31,"column":7}},{"start":{"line":29,"column":6},"end":{"line":31,"column":7}}],"line":29},"3":{"loc":{"start":{"line":32,"column":42},"end":{"line":32,"column":77}},"type":"cond-expr","locations":[{"start":{"line":32,"column":53},"end":{"line":32,"column":68}},{"start":{"line":32,"column":71},"end":{"line":32,"column":77}}],"line":32}},"s":{"0":5,"1":5,"2":4,"3":4,"4":1,"5":4,"6":1,"7":4,"8":1},"f":{"0":5},"b":{"0":[4,1],"1":[1,3],"2":[1,3],"3":[3,1]},"_coverageSchema":"332fd63041d2c1bcb487cc26dd0d5f7d97098a6c","hash":"f5b656edff72ebc926cc92fdec560f912a052399"}
,"/Users/briansinnicke/Desktop/projects/Github/react-native-dropdownalert/label.js": {"path":"/Users/briansinnicke/Desktop/projects/Github/react-native-dropdownalert/label.js","statementMap":{"0":{"start":{"line":24,"column":54},"end":{"line":24,"column":64}},"1":{"start":{"line":25,"column":4},"end":{"line":31,"column":5}},"2":{"start":{"line":26,"column":6},"end":{"line":30,"column":8}},"3":{"start":{"line":32,"column":4},"end":{"line":32,"column":16}}},"fnMap":{"0":{"name":"(anonymous_0)","decl":{"start":{"line":23,"column":2},"end":{"line":23,"column":3}},"loc":{"start":{"line":23,"column":11},"end":{"line":33,"column":3}},"line":23}},"branchMap":{"0":{"loc":{"start":{"line":25,"column":4},"end":{"line":31,"column":5}},"type":"if","locations":[{"start":{"line":25,"column":4},"end":{"line":31,"column":5}},{"start":{"line":25,"column":4},"end":{"line":31,"column":5}}],"line":25},"1":{"loc":{"start":{"line":25,"column":8},"end":{"line":25,"column":40}},"type":"binary-expr","locations":[{"start":{"line":25,"column":8},"end":{"line":25,"column":21}},{"start":{"line":25,"column":25},"end":{"line":25,"column":40}}],"line":25}},"s":{"0":2,"1":2,"2":1,"3":1},"f":{"0":2},"b":{"0":[1,1],"1":[2,2]},"_coverageSchema":"332fd63041d2c1bcb487cc26dd0d5f7d97098a6c","hash":"871964a7bbb6856ad30543c4020dd2a39aa50935"}
,"/Users/briansinnicke/Desktop/projects/Github/react-native-dropdownalert/setupTests.js": {"path":"/Users/briansinnicke/Desktop/projects/Github/react-native-dropdownalert/setupTests.js","statementMap":{"0":{"start":{"line":3,"column":0},"end":{"line":3,"column":38}}},"fnMap":{},"branchMap":{},"s":{"0":5},"f":{},"b":{},"_coverageSchema":"332fd63041d2c1bcb487cc26dd0d5f7d97098a6c","hash":"c4590c73db23aaed66db6afe018ea1d527905773"}
,"/Users/briansinnicke/Desktop/projects/Github/react-native-dropdownalert/assets/cancel.png": {"path":"/Users/briansinnicke/Desktop/projects/Github/react-native-dropdownalert/assets/cancel.png","statementMap":{"0":{"start":{"line":1,"column":0},"end":{"line":3,"column":6}}},"fnMap":{},"branchMap":{},"s":{"0":1},"f":{},"b":{},"_coverageSchema":"332fd63041d2c1bcb487cc26dd0d5f7d97098a6c","hash":"b1cae41d8df29223225f6d95b85926de2ed2a3c4"}
,"/Users/briansinnicke/Desktop/projects/Github/react-native-dropdownalert/assets/error.png": {"path":"/Users/briansinnicke/Desktop/projects/Github/react-native-dropdownalert/assets/error.png","statementMap":{"0":{"start":{"line":1,"column":0},"end":{"line":3,"column":6}}},"fnMap":{},"branchMap":{},"s":{"0":2},"f":{},"b":{},"_coverageSchema":"332fd63041d2c1bcb487cc26dd0d5f7d97098a6c","hash":"8dc081b1918f2e2e0cf9c676203c11d9f2320fc3"}
,"/Users/briansinnicke/Desktop/projects/Github/react-native-dropdownalert/assets/info.png": {"path":"/Users/briansinnicke/Desktop/projects/Github/react-native-dropdownalert/assets/info.png","statementMap":{"0":{"start":{"line":1,"column":0},"end":{"line":3,"column":6}}},"fnMap":{},"branchMap":{},"s":{"0":1},"f":{},"b":{},"_coverageSchema":"332fd63041d2c1bcb487cc26dd0d5f7d97098a6c","hash":"6c73030ad84fa364865b176a0f9fad334489d08f"}
,"/Users/briansinnicke/Desktop/projects/Github/react-native-dropdownalert/assets/success.png": {"path":"/Users/briansinnicke/Desktop/projects/Github/react-native-dropdownalert/assets/success.png","statementMap":{"0":{"start":{"line":1,"column":0},"end":{"line":3,"column":6}}},"fnMap":{},"branchMap":{},"s":{"0":1},"f":{},"b":{},"_coverageSchema":"332fd63041d2c1bcb487cc26dd0d5f7d97098a6c","hash":"68f0604c4abb584e5ee702e07c74df7c89483b97"}
,"/Users/briansinnicke/Desktop/projects/Github/react-native-dropdownalert/assets/warn.png": {"path":"/Users/briansinnicke/Desktop/projects/Github/react-native-dropdownalert/assets/warn.png","statementMap":{"0":{"start":{"line":1,"column":0},"end":{"line":3,"column":6}}},"fnMap":{},"branchMap":{},"s":{"0":1},"f":{},"b":{},"_coverageSchema":"332fd63041d2c1bcb487cc26dd0d5f7d97098a6c","hash":"f9b71d02848577a25f61eeba9e9abe3c15969ccb"}
}
