TN:
SF:/Users/briansinnicke/Desktop/projects/Github/react-native-dropdownalert/DropdownAlert.js
FN:137,(anonymous_0)
FN:151,(anonymous_1)
FN:154,(anonymous_2)
FN:159,(anonymous_3)
FN:161,(anonymous_4)
FN:164,(anonymous_5)
FN:167,(anonymous_6)
FN:174,(anonymous_7)
FN:180,(anonymous_8)
FN:188,(anonymous_9)
FN:222,(anonymous_10)
FN:236,(anonymous_11)
FN:249,(anonymous_12)
FN:260,(anonymous_13)
FN:274,(anonymous_14)
FN:301,(anonymous_15)
FN:318,(anonymous_16)
FN:326,(anonymous_17)
FN:355,(anonymous_18)
FN:370,(anonymous_19)
FN:384,(anonymous_20)
FN:398,(anonymous_21)
FN:404,(anonymous_22)
FN:416,(anonymous_23)
FN:425,(anonymous_24)
FN:432,(anonymous_25)
FN:439,(anonymous_26)
FN:479,(anonymous_27)
FN:482,(anonymous_28)
FN:484,(anonymous_29)
FNF:30
FNH:16
FNDA:13,(anonymous_0)
FNDA:13,(anonymous_1)
FNDA:0,(anonymous_2)
FNDA:13,(anonymous_3)
FNDA:0,(anonymous_4)
FNDA:0,(anonymous_5)
FNDA:0,(anonymous_6)
FNDA:0,(anonymous_7)
FNDA:0,(anonymous_8)
FNDA:3,(anonymous_9)
FNDA:0,(anonymous_10)
FNDA:1,(anonymous_11)
FNDA:0,(anonymous_12)
FNDA:2,(anonymous_13)
FNDA:0,(anonymous_14)
FNDA:1,(anonymous_15)
FNDA:2,(anonymous_16)
FNDA:0,(anonymous_17)
FNDA:11,(anonymous_18)
FNDA:11,(anonymous_19)
FNDA:11,(anonymous_20)
FNDA:11,(anonymous_21)
FNDA:11,(anonymous_22)
FNDA:0,(anonymous_23)
FNDA:11,(anonymous_24)
FNDA:11,(anonymous_25)
FNDA:25,(anonymous_26)
FNDA:0,(anonymous_27)
FNDA:0,(anonymous_28)
FNDA:0,(anonymous_29)
DA:138,13
DA:139,13
DA:152,13
DA:155,0
DA:156,0
DA:160,13
DA:162,0
DA:165,0
DA:168,0
DA:169,0
DA:175,0
DA:176,0
DA:177,0
DA:181,0
DA:182,0
DA:183,0
DA:189,3
DA:190,1
DA:192,2
DA:193,1
DA:194,1
DA:196,2
DA:197,1
DA:198,1
DA:202,2
DA:206,2
DA:207,1
DA:214,1
DA:215,0
DA:217,1
DA:218,1
DA:219,1
DA:221,1
DA:223,0
DA:229,1
DA:230,1
DA:231,0
DA:232,0
DA:234,1
DA:235,1
DA:237,1
DA:238,1
DA:246,1
DA:247,1
DA:248,1
DA:250,0
DA:261,2
DA:262,1
DA:264,2
DA:265,2
DA:266,1
DA:268,2
DA:269,1
DA:270,0
DA:272,1
DA:273,1
DA:275,0
DA:276,0
DA:279,0
DA:280,0
DA:281,0
DA:283,0
DA:286,0
DA:287,0
DA:293,0
DA:302,1
DA:303,1
DA:304,1
DA:306,1
DA:309,1
DA:310,1
DA:311,0
DA:313,1
DA:319,2
DA:327,0
DA:328,0
DA:329,0
DA:330,0
DA:331,0
DA:332,0
DA:333,0
DA:334,0
DA:336,0
DA:337,0
DA:339,0
DA:340,0
DA:341,0
DA:342,0
DA:344,0
DA:345,0
DA:346,0
DA:348,0
DA:349,0
DA:356,11
DA:357,11
DA:359,3
DA:361,1
DA:363,2
DA:365,1
DA:367,4
DA:371,11
DA:373,3
DA:375,1
DA:377,2
DA:379,1
DA:381,4
DA:385,11
DA:387,3
DA:389,1
DA:391,2
DA:393,1
DA:395,4
DA:399,11
DA:400,0
DA:402,11
DA:405,11
DA:406,1
DA:407,0
DA:409,1
DA:416,0
DA:423,10
DA:426,11
DA:427,0
DA:429,11
DA:433,11
DA:434,0
DA:436,11
DA:440,25
DA:441,25
DA:442,11
DA:443,11
DA:444,11
DA:445,11
DA:446,11
DA:447,0
DA:448,0
DA:450,0
DA:451,0
DA:454,11
DA:455,11
DA:456,0
DA:457,0
DA:458,11
DA:459,11
DA:462,11
DA:477,11
DA:478,11
DA:479,0
DA:482,0
DA:484,0
DA:500,14
LF:151
LH:90
BRDA:115,0,0,0
BRDA:115,0,1,1
BRDA:155,1,0,0
BRDA:155,1,1,0
BRDA:165,2,0,0
BRDA:165,2,1,0
BRDA:165,2,2,0
BRDA:168,3,0,0
BRDA:168,3,1,0
BRDA:176,4,0,0
BRDA:176,4,1,0
BRDA:182,5,0,0
BRDA:182,5,1,0
BRDA:189,6,0,1
BRDA:189,6,1,2
BRDA:192,7,0,1
BRDA:192,7,1,1
BRDA:196,8,0,1
BRDA:196,8,1,1
BRDA:202,9,0,0
BRDA:202,9,1,2
BRDA:202,10,0,2
BRDA:202,10,1,0
BRDA:206,11,0,1
BRDA:206,11,1,1
BRDA:214,12,0,0
BRDA:214,12,1,1
BRDA:217,13,0,1
BRDA:217,13,1,0
BRDA:218,14,0,1
BRDA:218,14,1,0
BRDA:230,15,0,0
BRDA:230,15,1,1
BRDA:237,16,0,1
BRDA:237,16,1,0
BRDA:247,17,0,1
BRDA:247,17,1,0
BRDA:261,18,0,1
BRDA:261,18,1,1
BRDA:265,19,0,1
BRDA:265,19,1,1
BRDA:268,20,0,1
BRDA:268,20,1,1
BRDA:269,21,0,0
BRDA:269,21,1,1
BRDA:275,22,0,0
BRDA:275,22,1,0
BRDA:279,23,0,0
BRDA:279,23,1,0
BRDA:280,24,0,0
BRDA:280,24,1,0
BRDA:286,25,0,0
BRDA:286,25,1,0
BRDA:302,26,0,1
BRDA:302,26,1,0
BRDA:303,27,0,1
BRDA:303,27,1,0
BRDA:309,28,0,1
BRDA:309,28,1,0
BRDA:310,29,0,0
BRDA:310,29,1,1
BRDA:331,30,0,0
BRDA:331,30,1,0
BRDA:333,31,0,0
BRDA:333,31,1,0
BRDA:336,32,0,0
BRDA:336,32,1,0
BRDA:339,33,0,0
BRDA:339,33,1,0
BRDA:341,34,0,0
BRDA:341,34,1,0
BRDA:345,35,0,0
BRDA:345,35,1,0
BRDA:348,36,0,0
BRDA:348,36,1,0
BRDA:348,37,0,0
BRDA:348,37,1,0
BRDA:357,38,0,3
BRDA:357,38,1,1
BRDA:357,38,2,2
BRDA:357,38,3,1
BRDA:357,38,4,4
BRDA:371,39,0,3
BRDA:371,39,1,1
BRDA:371,39,2,2
BRDA:371,39,3,1
BRDA:371,39,4,4
BRDA:385,40,0,3
BRDA:385,40,1,1
BRDA:385,40,2,2
BRDA:385,40,3,1
BRDA:385,40,4,4
BRDA:399,41,0,0
BRDA:399,41,1,11
BRDA:405,42,0,1
BRDA:405,42,1,10
BRDA:406,43,0,0
BRDA:406,43,1,1
BRDA:426,44,0,0
BRDA:426,44,1,11
BRDA:433,45,0,0
BRDA:433,45,1,11
BRDA:441,46,0,11
BRDA:441,46,1,14
BRDA:446,47,0,0
BRDA:446,47,1,11
BRDA:447,48,0,0
BRDA:447,48,1,0
BRDA:450,49,0,0
BRDA:450,49,1,0
BRDA:454,50,0,11
BRDA:454,50,1,0
BRDA:455,51,0,0
BRDA:455,51,1,11
BRDA:458,52,0,11
BRDA:458,52,1,0
BRDA:477,53,0,1
BRDA:477,53,1,10
BRDA:481,54,0,1
BRDA:481,54,1,10
BRDA:481,55,0,11
BRDA:481,55,1,11
BRDA:482,56,0,0
BRDA:482,56,1,11
BRF:124
BRH:62
end_of_record
TN:
SF:/Users/briansinnicke/Desktop/projects/Github/react-native-dropdownalert/constants.js
FNF:0
FNH:0
DA:3,3
DA:4,3
DA:5,3
DA:6,3
DA:7,3
DA:8,3
DA:9,3
DA:10,3
DA:12,3
LF:9
LH:9
BRDA:3,0,0,3
BRDA:3,0,1,0
BRDA:4,1,0,3
BRDA:4,1,1,0
BRF:4
BRH:2
end_of_record
TN:
SF:/Users/briansinnicke/Desktop/projects/Github/react-native-dropdownalert/functions.js
FN:1,(anonymous_0)
FNF:1
FNH:1
FNDA:10,(anonymous_0)
DA:1,2
DA:2,10
DA:3,1
DA:4,1
DA:6,9
DA:7,2
DA:8,2
DA:10,7
LF:8
LH:8
BRDA:2,0,0,1
BRDA:2,0,1,9
BRDA:2,1,0,10
BRDA:2,1,1,9
BRDA:6,2,0,2
BRDA:6,2,1,7
BRDA:6,3,0,9
BRDA:6,3,1,7
BRDA:6,3,2,6
BRDA:6,3,3,4
BRDA:6,3,4,3
BRF:11
BRH:11
end_of_record
TN:
SF:/Users/briansinnicke/Desktop/projects/Github/react-native-dropdownalert/imageview.js
FN:22,(anonymous_0)
FNF:1
FNH:1
FNDA:5,(anonymous_0)
DA:23,5
DA:24,5
DA:25,4
DA:26,4
DA:27,1
DA:29,4
DA:30,1
DA:32,4
DA:34,1
LF:9
LH:9
BRDA:24,0,0,4
BRDA:24,0,1,1
BRDA:26,1,0,1
BRDA:26,1,1,3
BRDA:29,2,0,1
BRDA:29,2,1,3
BRDA:32,3,0,3
BRDA:32,3,1,1
BRF:8
BRH:8
end_of_record
TN:
SF:/Users/briansinnicke/Desktop/projects/Github/react-native-dropdownalert/label.js
FN:23,(anonymous_0)
FNF:1
FNH:1
FNDA:2,(anonymous_0)
DA:24,2
DA:25,2
DA:26,1
DA:32,1
LF:4
LH:4
BRDA:25,0,0,1
BRDA:25,0,1,1
BRDA:25,1,0,2
BRDA:25,1,1,2
BRF:4
BRH:4
end_of_record
TN:
SF:/Users/briansinnicke/Desktop/projects/Github/react-native-dropdownalert/setupTests.js
FNF:0
FNH:0
DA:3,5
LF:1
LH:1
BRF:0
BRH:0
end_of_record
TN:
SF:/Users/briansinnicke/Desktop/projects/Github/react-native-dropdownalert/assets/cancel.png
FNF:0
FNH:0
DA:1,1
LF:1
LH:1
BRF:0
BRH:0
end_of_record
TN:
SF:/Users/briansinnicke/Desktop/projects/Github/react-native-dropdownalert/assets/error.png
FNF:0
FNH:0
DA:1,2
LF:1
LH:1
BRF:0
BRH:0
end_of_record
TN:
SF:/Users/briansinnicke/Desktop/projects/Github/react-native-dropdownalert/assets/info.png
FNF:0
FNH:0
DA:1,1
LF:1
LH:1
BRF:0
BRH:0
end_of_record
TN:
SF:/Users/briansinnicke/Desktop/projects/Github/react-native-dropdownalert/assets/success.png
FNF:0
FNH:0
DA:1,1
LF:1
LH:1
BRF:0
BRH:0
end_of_record
TN:
SF:/Users/briansinnicke/Desktop/projects/Github/react-native-dropdownalert/assets/warn.png
FNF:0
FNH:0
DA:1,1
LF:1
LH:1
BRF:0
BRH:0
end_of_record
