TN:
SF:/Users/Matthew/git/react-native-dropdownalert/DropdownAlert.js
FN:137,(anonymous_0)
FN:153,(anonymous_1)
FN:156,(anonymous_2)
FN:161,(anonymous_3)
FN:163,(anonymous_4)
FN:166,(anonymous_5)
FN:169,(anonymous_6)
FN:176,(anonymous_7)
FN:182,(anonymous_8)
FN:190,(anonymous_9)
FN:229,(anonymous_10)
FN:243,(anonymous_11)
FN:258,(anonymous_12)
FN:269,(anonymous_13)
FN:289,(anonymous_14)
FN:309,(anonymous_15)
FN:325,(anonymous_16)
FN:333,(anonymous_17)
FN:362,(anonymous_18)
FN:377,(anonymous_19)
FN:391,(anonymous_20)
FN:405,(anonymous_21)
FN:411,(anonymous_22)
FN:423,(anonymous_23)
FN:432,(anonymous_24)
FN:439,(anonymous_25)
FN:446,(anonymous_26)
FN:485,(anonymous_27)
FN:488,(anonymous_28)
FN:490,(anonymous_29)
FNF:30
FNH:17
FNDA:14,(anonymous_0)
FNDA:14,(anonymous_1)
FNDA:0,(anonymous_2)
FNDA:14,(anonymous_3)
FNDA:0,(anonymous_4)
FNDA:0,(anonymous_5)
FNDA:0,(anonymous_6)
FNDA:0,(anonymous_7)
FNDA:0,(anonymous_8)
FNDA:5,(anonymous_9)
FNDA:0,(anonymous_10)
FNDA:1,(anonymous_11)
FNDA:0,(anonymous_12)
FNDA:4,(anonymous_13)
FNDA:2,(anonymous_14)
FNDA:1,(anonymous_15)
FNDA:7,(anonymous_16)
FNDA:0,(anonymous_17)
FNDA:13,(anonymous_18)
FNDA:13,(anonymous_19)
FNDA:13,(anonymous_20)
FNDA:13,(anonymous_21)
FNDA:13,(anonymous_22)
FNDA:0,(anonymous_23)
FNDA:13,(anonymous_24)
FNDA:13,(anonymous_25)
FNDA:33,(anonymous_26)
FNDA:0,(anonymous_27)
FNDA:0,(anonymous_28)
FNDA:0,(anonymous_29)
DA:138,14
DA:139,14
DA:154,14
DA:157,0
DA:158,0
DA:162,14
DA:164,0
DA:167,0
DA:170,0
DA:171,0
DA:177,0
DA:178,0
DA:179,0
DA:183,0
DA:184,0
DA:185,0
DA:191,5
DA:192,1
DA:194,4
DA:195,1
DA:196,1
DA:198,4
DA:199,1
DA:200,1
DA:202,4
DA:203,0
DA:204,4
DA:205,0
DA:207,4
DA:208,4
DA:209,4
DA:210,3
DA:218,3
DA:219,3
DA:222,3
DA:224,3
DA:225,1
DA:226,1
DA:228,1
DA:230,0
DA:236,1
DA:237,1
DA:238,0
DA:239,0
DA:241,1
DA:242,1
DA:244,1
DA:245,1
DA:255,1
DA:256,1
DA:257,1
DA:259,0
DA:270,4
DA:271,1
DA:273,4
DA:274,4
DA:275,2
DA:277,4
DA:278,3
DA:279,2
DA:281,3
DA:282,3
DA:283,3
DA:284,0
DA:286,3
DA:288,3
DA:290,2
DA:291,2
DA:294,2
DA:295,2
DA:301,2
DA:310,1
DA:311,1
DA:312,1
DA:314,1
DA:317,1
DA:318,1
DA:319,0
DA:321,1
DA:326,7
DA:334,0
DA:335,0
DA:336,0
DA:337,0
DA:338,0
DA:339,0
DA:340,0
DA:341,0
DA:343,0
DA:344,0
DA:346,0
DA:347,0
DA:348,0
DA:349,0
DA:351,0
DA:352,0
DA:353,0
DA:355,0
DA:356,0
DA:363,13
DA:364,13
DA:366,5
DA:368,1
DA:370,2
DA:372,1
DA:374,4
DA:378,13
DA:380,5
DA:382,1
DA:384,2
DA:386,1
DA:388,4
DA:392,13
DA:394,5
DA:396,1
DA:398,2
DA:400,1
DA:402,4
DA:406,13
DA:407,0
DA:409,13
DA:412,13
DA:413,1
DA:414,0
DA:416,1
DA:423,0
DA:430,12
DA:433,13
DA:434,0
DA:436,13
DA:440,13
DA:441,0
DA:443,13
DA:447,33
DA:448,33
DA:449,13
DA:450,13
DA:451,13
DA:452,13
DA:453,13
DA:454,0
DA:455,0
DA:457,0
DA:458,0
DA:461,13
DA:462,13
DA:463,0
DA:464,0
DA:466,13
DA:468,13
DA:483,13
DA:484,13
DA:485,0
DA:488,0
DA:490,0
DA:506,20
LF:156
LH:103
BRDA:115,0,0,0
BRDA:115,0,1,1
BRDA:157,1,0,0
BRDA:157,1,1,0
BRDA:167,2,0,0
BRDA:167,2,1,0
BRDA:167,2,2,0
BRDA:170,3,0,0
BRDA:170,3,1,0
BRDA:178,4,0,0
BRDA:178,4,1,0
BRDA:184,5,0,0
BRDA:184,5,1,0
BRDA:190,6,0,3
BRDA:191,7,0,1
BRDA:191,7,1,4
BRDA:194,8,0,1
BRDA:194,8,1,3
BRDA:198,9,0,1
BRDA:198,9,1,3
BRDA:202,10,0,0
BRDA:202,10,1,4
BRDA:204,11,0,0
BRDA:204,11,1,4
BRDA:207,12,0,3
BRDA:207,13,0,3
BRDA:208,14,0,0
BRDA:208,14,1,4
BRDA:208,15,0,4
BRDA:208,15,1,2
BRDA:209,16,0,3
BRDA:209,16,1,1
BRDA:218,17,0,3
BRDA:218,17,1,0
BRDA:224,18,0,1
BRDA:224,18,1,2
BRDA:225,19,0,1
BRDA:225,19,1,0
BRDA:237,20,0,0
BRDA:237,20,1,1
BRDA:244,21,0,1
BRDA:244,21,1,0
BRDA:256,22,0,1
BRDA:256,22,1,0
BRDA:270,23,0,1
BRDA:270,23,1,3
BRDA:273,24,0,4
BRDA:273,24,1,3
BRDA:274,25,0,2
BRDA:274,25,1,2
BRDA:275,26,0,2
BRDA:275,26,1,1
BRDA:277,27,0,3
BRDA:277,27,1,1
BRDA:278,28,0,2
BRDA:278,28,1,1
BRDA:282,29,0,3
BRDA:282,29,1,0
BRDA:283,30,0,0
BRDA:283,30,1,3
BRDA:290,31,0,2
BRDA:290,31,1,0
BRDA:294,32,0,2
BRDA:294,32,1,0
BRDA:310,33,0,1
BRDA:310,33,1,0
BRDA:311,34,0,1
BRDA:311,34,1,0
BRDA:317,35,0,1
BRDA:317,35,1,0
BRDA:318,36,0,0
BRDA:318,36,1,1
BRDA:338,37,0,0
BRDA:338,37,1,0
BRDA:340,38,0,0
BRDA:340,38,1,0
BRDA:343,39,0,0
BRDA:343,39,1,0
BRDA:346,40,0,0
BRDA:346,40,1,0
BRDA:348,41,0,0
BRDA:348,41,1,0
BRDA:352,42,0,0
BRDA:352,42,1,0
BRDA:355,43,0,0
BRDA:355,43,1,0
BRDA:355,44,0,0
BRDA:355,44,1,0
BRDA:364,45,0,5
BRDA:364,45,1,1
BRDA:364,45,2,2
BRDA:364,45,3,1
BRDA:364,45,4,4
BRDA:378,46,0,5
BRDA:378,46,1,1
BRDA:378,46,2,2
BRDA:378,46,3,1
BRDA:378,46,4,4
BRDA:392,47,0,5
BRDA:392,47,1,1
BRDA:392,47,2,2
BRDA:392,47,3,1
BRDA:392,47,4,4
BRDA:406,48,0,0
BRDA:406,48,1,13
BRDA:412,49,0,1
BRDA:412,49,1,12
BRDA:413,50,0,0
BRDA:413,50,1,1
BRDA:433,51,0,0
BRDA:433,51,1,13
BRDA:440,52,0,0
BRDA:440,52,1,13
BRDA:448,53,0,13
BRDA:448,53,1,20
BRDA:453,54,0,0
BRDA:453,54,1,13
BRDA:454,55,0,0
BRDA:454,55,1,0
BRDA:457,56,0,0
BRDA:457,56,1,0
BRDA:461,57,0,13
BRDA:461,57,1,0
BRDA:462,58,0,0
BRDA:462,58,1,13
BRDA:483,59,0,1
BRDA:483,59,1,12
BRDA:487,60,0,1
BRDA:487,60,1,12
BRDA:487,61,0,13
BRDA:487,61,1,13
BRDA:488,62,0,0
BRDA:488,62,1,13
BRF:133
BRH:77
end_of_record
TN:
SF:/Users/Matthew/git/react-native-dropdownalert/constants.js
FNF:0
FNH:0
DA:3,3
DA:4,3
DA:5,3
DA:6,3
DA:7,3
DA:8,3
DA:9,3
DA:10,3
DA:12,3
LF:9
LH:9
BRDA:3,0,0,3
BRDA:3,0,1,0
BRDA:4,1,0,3
BRDA:4,1,1,0
BRF:4
BRH:2
end_of_record
TN:
SF:/Users/Matthew/git/react-native-dropdownalert/functions.js
FN:1,(anonymous_0)
FNF:1
FNH:1
FNDA:12,(anonymous_0)
DA:1,2
DA:2,12
DA:3,1
DA:4,1
DA:6,11
DA:7,2
DA:8,2
DA:10,9
LF:8
LH:8
BRDA:2,0,0,1
BRDA:2,0,1,11
BRDA:2,1,0,12
BRDA:2,1,1,11
BRDA:6,2,0,2
BRDA:6,2,1,9
BRDA:6,3,0,11
BRDA:6,3,1,7
BRDA:6,3,2,6
BRDA:6,3,3,4
BRDA:6,3,4,3
BRF:11
BRH:11
end_of_record
TN:
SF:/Users/Matthew/git/react-native-dropdownalert/imageview.js
FN:22,(anonymous_0)
FNF:1
FNH:1
FNDA:5,(anonymous_0)
DA:23,5
DA:24,5
DA:25,4
DA:26,4
DA:27,1
DA:29,4
DA:30,1
DA:32,4
DA:34,1
LF:9
LH:9
BRDA:24,0,0,4
BRDA:24,0,1,1
BRDA:26,1,0,1
BRDA:26,1,1,3
BRDA:29,2,0,1
BRDA:29,2,1,3
BRDA:32,3,0,3
BRDA:32,3,1,1
BRF:8
BRH:8
end_of_record
TN:
SF:/Users/Matthew/git/react-native-dropdownalert/label.js
FN:23,(anonymous_0)
FNF:1
FNH:1
FNDA:2,(anonymous_0)
DA:24,2
DA:25,2
DA:26,1
DA:32,1
LF:4
LH:4
BRDA:25,0,0,1
BRDA:25,0,1,1
BRDA:25,1,0,2
BRDA:25,1,1,2
BRF:4
BRH:4
end_of_record
TN:
SF:/Users/Matthew/git/react-native-dropdownalert/setupTests.js
FNF:0
FNH:0
DA:3,5
LF:1
LH:1
BRF:0
BRH:0
end_of_record
TN:
SF:/Users/Matthew/git/react-native-dropdownalert/assets/cancel.png
FNF:0
FNH:0
DA:1,1
LF:1
LH:1
BRF:0
BRH:0
end_of_record
TN:
SF:/Users/Matthew/git/react-native-dropdownalert/assets/error.png
FNF:0
FNH:0
DA:1,2
LF:1
LH:1
BRF:0
BRH:0
end_of_record
TN:
SF:/Users/Matthew/git/react-native-dropdownalert/assets/info.png
FNF:0
FNH:0
DA:1,1
LF:1
LH:1
BRF:0
BRH:0
end_of_record
TN:
SF:/Users/Matthew/git/react-native-dropdownalert/assets/success.png
FNF:0
FNH:0
DA:1,1
LF:1
LH:1
BRF:0
BRH:0
end_of_record
TN:
SF:/Users/Matthew/git/react-native-dropdownalert/assets/warn.png
FNF:0
FNH:0
DA:1,1
LF:1
LH:1
BRF:0
BRH:0
end_of_record
